{"/home/travis/build/npmtest/node-npmtest-winston-mongodb/test.js":{"path":"/home/travis/build/npmtest/node-npmtest-winston-mongodb/test.js","s":{"1":2,"2":2,"3":2,"4":2,"5":2,"6":2,"7":2,"8":1,"9":2,"10":2,"11":1,"12":1,"13":1,"14":1,"15":2,"16":2,"17":2,"18":2,"19":1,"20":1,"21":2,"22":2,"23":2,"24":1,"25":1,"26":1,"27":1,"28":1,"29":1,"30":1,"31":1,"32":1,"33":1,"34":1,"35":1,"36":1,"37":1,"38":1,"39":2,"40":2,"41":1,"42":2,"43":2,"44":1,"45":2,"46":2,"47":1,"48":2,"49":2,"50":1,"51":1,"52":1,"53":1,"54":1},"b":{"1":[2,1,1,1],"2":[1,1,1,1],"3":[1,1],"4":[1,1],"5":[1,1],"6":[1,1],"7":[1,1],"8":[1,1],"9":[1,1],"10":[1,1,1],"11":[1,1],"12":[1,1],"13":[1,1],"14":[1,1],"15":[1,1],"16":[1,1],"17":[1,1]},"f":{"1":2,"2":2,"3":2,"4":2,"5":2,"6":1,"7":1,"8":1,"9":2,"10":2,"11":2,"12":2,"13":1},"fnMap":{"1":{"name":"(anonymous_1)","line":12,"loc":{"start":{"line":12,"column":1},"end":{"line":12,"column":13}}},"2":{"name":"(anonymous_2)","line":19,"loc":{"start":{"line":19,"column":5},"end":{"line":19,"column":17}}},"3":{"name":"(anonymous_3)","line":23,"loc":{"start":{"line":23,"column":24},"end":{"line":23,"column":36}}},"4":{"name":"(anonymous_4)","line":61,"loc":{"start":{"line":61,"column":5},"end":{"line":61,"column":17}}},"5":{"name":"(anonymous_5)","line":82,"loc":{"start":{"line":82,"column":5},"end":{"line":82,"column":17}}},"6":{"name":"(anonymous_6)","line":91,"loc":{"start":{"line":91,"column":77},"end":{"line":94,"column":10}}},"7":{"name":"(anonymous_7)","line":112,"loc":{"start":{"line":112,"column":83},"end":{"line":115,"column":10}},"skip":true},"8":{"name":"(anonymous_8)","line":123,"loc":{"start":{"line":123,"column":77},"end":{"line":126,"column":10}},"skip":true},"9":{"name":"(anonymous_9)","line":139,"loc":{"start":{"line":139,"column":12},"end":{"line":139,"column":40}},"skip":true},"10":{"name":"(anonymous_10)","line":147,"loc":{"start":{"line":147,"column":77},"end":{"line":150,"column":10}},"skip":true},"11":{"name":"(anonymous_11)","line":158,"loc":{"start":{"line":158,"column":83},"end":{"line":161,"column":10}},"skip":true},"12":{"name":"(anonymous_12)","line":169,"loc":{"start":{"line":169,"column":79},"end":{"line":172,"column":10}},"skip":true},"13":{"name":"(anonymous_13)","line":180,"loc":{"start":{"line":180,"column":75},"end":{"line":183,"column":10}},"skip":true}},"statementMap":{"1":{"start":{"line":12,"column":0},"end":{"line":195,"column":5}},"2":{"start":{"line":14,"column":4},"end":{"line":14,"column":14}},"3":{"start":{"line":19,"column":4},"end":{"line":56,"column":9}},"4":{"start":{"line":21,"column":8},"end":{"line":21,"column":19}},"5":{"start":{"line":23,"column":8},"end":{"line":35,"column":13}},"6":{"start":{"line":24,"column":12},"end":{"line":34,"column":13}},"7":{"start":{"line":25,"column":16},"end":{"line":28,"column":30}},"8":{"start":{"line":30,"column":16},"end":{"line":33,"column":27}},"9":{"start":{"line":37,"column":8},"end":{"line":39,"column":21}},"10":{"start":{"line":40,"column":8},"end":{"line":53,"column":9}},"11":{"start":{"line":43,"column":12},"end":{"line":46,"column":14}},"12":{"start":{"line":47,"column":12},"end":{"line":47,"column":18}},"13":{"start":{"line":50,"column":12},"end":{"line":51,"column":46}},"14":{"start":{"line":52,"column":12},"end":{"line":52,"column":18}},"15":{"start":{"line":55,"column":8},"end":{"line":55,"column":35}},"16":{"start":{"line":61,"column":4},"end":{"line":63,"column":9}},"17":{"start":{"line":62,"column":8},"end":{"line":62,"column":15}},"18":{"start":{"line":64,"column":4},"end":{"line":77,"column":5}},"19":{"start":{"line":70,"column":8},"end":{"line":70,"column":14}},"20":{"start":{"line":76,"column":8},"end":{"line":76,"column":14}},"21":{"start":{"line":82,"column":4},"end":{"line":84,"column":9}},"22":{"start":{"line":83,"column":8},"end":{"line":83,"column":15}},"23":{"start":{"line":85,"column":4},"end":{"line":194,"column":5}},"24":{"start":{"line":91,"column":8},"end":{"line":99,"column":10}},"25":{"start":{"line":98,"column":12},"end":{"line":98,"column":35}},"26":{"start":{"line":102,"column":8},"end":{"line":104,"column":63}},"27":{"start":{"line":105,"column":8},"end":{"line":105,"column":14}},"28":{"start":{"line":112,"column":8},"end":{"line":121,"column":10},"skip":true},"29":{"start":{"line":119,"column":12},"end":{"line":119,"column":55},"skip":true},"30":{"start":{"line":120,"column":12},"end":{"line":120,"column":48},"skip":true},"31":{"start":{"line":123,"column":8},"end":{"line":136,"column":10},"skip":true},"32":{"start":{"line":130,"column":12},"end":{"line":130,"column":76},"skip":true},"33":{"start":{"line":131,"column":12},"end":{"line":131,"column":73},"skip":true},"34":{"start":{"line":132,"column":12},"end":{"line":132,"column":74},"skip":true},"35":{"start":{"line":133,"column":12},"end":{"line":133,"column":79},"skip":true},"36":{"start":{"line":134,"column":12},"end":{"line":134,"column":25},"skip":true},"37":{"start":{"line":135,"column":12},"end":{"line":135,"column":45},"skip":true},"38":{"start":{"line":138,"column":8},"end":{"line":145,"column":14},"skip":true},"39":{"start":{"line":143,"column":16},"end":{"line":143,"column":29},"skip":true},"40":{"start":{"line":144,"column":16},"end":{"line":144,"column":55},"skip":true},"41":{"start":{"line":147,"column":8},"end":{"line":156,"column":10},"skip":true},"42":{"start":{"line":154,"column":12},"end":{"line":154,"column":25},"skip":true},"43":{"start":{"line":155,"column":12},"end":{"line":155,"column":45},"skip":true},"44":{"start":{"line":158,"column":8},"end":{"line":167,"column":10},"skip":true},"45":{"start":{"line":165,"column":12},"end":{"line":165,"column":25},"skip":true},"46":{"start":{"line":166,"column":12},"end":{"line":166,"column":48},"skip":true},"47":{"start":{"line":169,"column":8},"end":{"line":178,"column":10},"skip":true},"48":{"start":{"line":176,"column":12},"end":{"line":176,"column":25},"skip":true},"49":{"start":{"line":177,"column":12},"end":{"line":177,"column":46},"skip":true},"50":{"start":{"line":180,"column":8},"end":{"line":189,"column":10},"skip":true},"51":{"start":{"line":187,"column":12},"end":{"line":187,"column":94},"skip":true},"52":{"start":{"line":188,"column":12},"end":{"line":188,"column":48},"skip":true},"53":{"start":{"line":192,"column":8},"end":{"line":192,"column":35},"skip":true},"54":{"start":{"line":193,"column":8},"end":{"line":193,"column":14},"skip":true}},"branchMap":{"1":{"line":25,"type":"binary-expr","locations":[{"start":{"line":25,"column":23},"end":{"line":25,"column":62}},{"start":{"line":26,"column":20},"end":{"line":26,"column":70}},{"start":{"line":27,"column":20},"end":{"line":27,"column":71}},{"start":{"line":28,"column":20},"end":{"line":28,"column":29}}]},"2":{"line":30,"type":"binary-expr","locations":[{"start":{"line":30,"column":23},"end":{"line":30,"column":37}},{"start":{"line":31,"column":20},"end":{"line":31,"column":61}},{"start":{"line":32,"column":20},"end":{"line":32,"column":70}},{"start":{"line":33,"column":20},"end":{"line":33,"column":26}}]},"3":{"line":37,"type":"cond-expr","locations":[{"start":{"line":38,"column":14},"end":{"line":38,"column":20}},{"start":{"line":39,"column":14},"end":{"line":39,"column":20}}]},"4":{"line":40,"type":"switch","locations":[{"start":{"line":42,"column":8},"end":{"line":47,"column":18}},{"start":{"line":49,"column":8},"end":{"line":52,"column":18}}]},"5":{"line":44,"type":"binary-expr","locations":[{"start":{"line":44,"column":16},"end":{"line":44,"column":44}},{"start":{"line":44,"column":48},"end":{"line":44,"column":66}}]},"6":{"line":50,"type":"binary-expr","locations":[{"start":{"line":50,"column":21},"end":{"line":50,"column":49}},{"start":{"line":50,"column":53},"end":{"line":50,"column":72}}]},"7":{"line":64,"type":"switch","locations":[{"start":{"line":69,"column":4},"end":{"line":70,"column":14}},{"start":{"line":75,"column":4},"end":{"line":76,"column":14}}]},"8":{"line":85,"type":"switch","locations":[{"start":{"line":90,"column":4},"end":{"line":105,"column":14}},{"start":{"line":111,"column":4},"end":{"line":193,"column":14},"skip":true}]},"9":{"line":91,"type":"binary-expr","locations":[{"start":{"line":91,"column":42},"end":{"line":91,"column":73}},{"start":{"line":91,"column":77},"end":{"line":99,"column":9}}]},"10":{"line":102,"type":"binary-expr","locations":[{"start":{"line":102,"column":18},"end":{"line":102,"column":32}},{"start":{"line":103,"column":12},"end":{"line":103,"column":53}},{"start":{"line":104,"column":12},"end":{"line":104,"column":61}}]},"11":{"line":112,"type":"binary-expr","locations":[{"start":{"line":112,"column":45},"end":{"line":112,"column":79},"skip":true},{"start":{"line":112,"column":83},"end":{"line":121,"column":9},"skip":true}]},"12":{"line":123,"type":"binary-expr","locations":[{"start":{"line":123,"column":42},"end":{"line":123,"column":73},"skip":true},{"start":{"line":123,"column":77},"end":{"line":136,"column":9},"skip":true}]},"13":{"line":138,"type":"binary-expr","locations":[{"start":{"line":138,"column":48},"end":{"line":138,"column":85},"skip":true},{"start":{"line":139,"column":12},"end":{"line":145,"column":13},"skip":true}]},"14":{"line":147,"type":"binary-expr","locations":[{"start":{"line":147,"column":42},"end":{"line":147,"column":73},"skip":true},{"start":{"line":147,"column":77},"end":{"line":156,"column":9},"skip":true}]},"15":{"line":158,"type":"binary-expr","locations":[{"start":{"line":158,"column":45},"end":{"line":158,"column":79},"skip":true},{"start":{"line":158,"column":83},"end":{"line":167,"column":9},"skip":true}]},"16":{"line":169,"type":"binary-expr","locations":[{"start":{"line":169,"column":43},"end":{"line":169,"column":75},"skip":true},{"start":{"line":169,"column":79},"end":{"line":178,"column":9},"skip":true}]},"17":{"line":180,"type":"binary-expr","locations":[{"start":{"line":180,"column":41},"end":{"line":180,"column":71},"skip":true},{"start":{"line":180,"column":75},"end":{"line":189,"column":9},"skip":true}]}},"code":["/* istanbul instrument in package npmtest_winston_mongodb */","/*jslint","    bitwise: true,","    browser: true,","    maxerr: 8,","    maxlen: 96,","    node: true,","    nomen: true,","    regexp: true,","    stupid: true","*/","(function () {","    'use strict';","    var local;","","","","    // run shared js-env code - pre-init","    (function () {","        // init local","        local = {};","        // init modeJs","        local.modeJs = (function () {","            try {","                return typeof navigator.userAgent === 'string' &&","                    typeof document.querySelector('body') === 'object' &&","                    typeof XMLHttpRequest.prototype.open === 'function' &&","                    'browser';","            } catch (errorCaughtBrowser) {","                return module.exports &&","                    typeof process.versions.node === 'string' &&","                    typeof require('http').createServer === 'function' &&","                    'node';","            }","        }());","        // init global","        local.global = local.modeJs === 'browser'","            ? window","            : global;","        switch (local.modeJs) {","        // re-init local from window.local","        case 'browser':","            local = local.global.utility2.objectSetDefault(","                local.global.utility2_rollup || local.global.local,","                local.global.utility2","            );","            break;","        // re-init local from example.js","        case 'node':","            local = (local.global.utility2_rollup || require('utility2'))","                .requireExampleJsFromReadme();","            break;","        }","        // export local","        local.global.local = local;","    }());","","","","    // run shared js-env code - function","    (function () {","        return;","    }());","    switch (local.modeJs) {","","","","    // run browser js-env code - function","    case 'browser':","        break;","","","","    // run node js-env code - function","    case 'node':","        break;","    }","","","","    // run shared js-env code - post-init","    (function () {","        return;","    }());","    switch (local.modeJs) {","","","","    // run browser js-env code - post-init","    case 'browser':","        local.testCase_browser_nullCase = local.testCase_browser_nullCase || function (","            options,","            onError","        ) {","        /*","         * this function will test browsers's null-case handling-behavior-behavior","         */","            onError(null, options);","        };","","        // run tests","        local.nop(local.modeTest &&","            document.querySelector('#testRunButton1') &&","            document.querySelector('#testRunButton1').click());","        break;","","","","    // run node js-env code - post-init","    /* istanbul ignore next */","    case 'node':","        local.testCase_buildApidoc_default = local.testCase_buildApidoc_default || function (","            options,","            onError","        ) {","        /*","         * this function will test buildApidoc's default handling-behavior-behavior","         */","            options = { modulePathList: module.paths };","            local.buildApidoc(options, onError);","        };","","        local.testCase_buildApp_default = local.testCase_buildApp_default || function (","            options,","            onError","        ) {","        /*","         * this function will test buildApp's default handling-behavior-behavior","         */","            local.testCase_buildReadme_default(options, local.onErrorThrow);","            local.testCase_buildLib_default(options, local.onErrorThrow);","            local.testCase_buildTest_default(options, local.onErrorThrow);","            local.testCase_buildCustomOrg_default(options, local.onErrorThrow);","            options = [];","            local.buildApp(options, onError);","        };","","        local.testCase_buildCustomOrg_default = local.testCase_buildCustomOrg_default ||","            function (options, onError) {","            /*","             * this function will test buildCustomOrg's default handling-behavior","             */","                options = {};","                local.buildCustomOrg(options, onError);","            };","","        local.testCase_buildLib_default = local.testCase_buildLib_default || function (","            options,","            onError","        ) {","        /*","         * this function will test buildLib's default handling-behavior","         */","            options = {};","            local.buildLib(options, onError);","        };","","        local.testCase_buildReadme_default = local.testCase_buildReadme_default || function (","            options,","            onError","        ) {","        /*","         * this function will test buildReadme's default handling-behavior-behavior","         */","            options = {};","            local.buildReadme(options, onError);","        };","","        local.testCase_buildTest_default = local.testCase_buildTest_default || function (","            options,","            onError","        ) {","        /*","         * this function will test buildTest's default handling-behavior","         */","            options = {};","            local.buildTest(options, onError);","        };","","        local.testCase_webpage_default = local.testCase_webpage_default || function (","            options,","            onError","        ) {","        /*","         * this function will test webpage's default handling-behavior","         */","            options = { modeCoverageMerge: true, url: local.serverLocalHost + '?modeTest=1' };","            local.browserTest(options, onError);","        };","","        // run test-server","        local.testRunServer(local);","        break;","    }","}());",""],"l":{"12":2,"14":2,"19":2,"21":2,"23":2,"24":2,"25":2,"30":1,"37":2,"40":2,"43":1,"47":1,"50":1,"52":1,"55":2,"61":2,"62":2,"64":2,"70":1,"76":1,"82":2,"83":2,"85":2,"91":1,"98":1,"102":1,"105":1,"112":1,"119":1,"120":1,"123":1,"130":1,"131":1,"132":1,"133":1,"134":1,"135":1,"138":1,"143":2,"144":2,"147":1,"154":2,"155":2,"158":1,"165":2,"166":2,"169":1,"176":2,"177":2,"180":1,"187":1,"188":1,"192":1,"193":1}},"/home/travis/build/npmtest/node-npmtest-winston-mongodb/lib.npmtest_winston_mongodb.js":{"path":"/home/travis/build/npmtest/node-npmtest-winston-mongodb/lib.npmtest_winston_mongodb.js","s":{"1":2,"2":2,"3":2,"4":2,"5":2,"6":2,"7":2,"8":1,"9":2,"10":2,"11":2,"12":2,"13":1,"14":1,"15":1,"16":1},"b":{"1":[2,1,1,1],"2":[1,1,1,1],"3":[1,1],"4":[2,2],"5":[1,1]},"f":{"1":2,"2":2,"3":2},"fnMap":{"1":{"name":"(anonymous_1)","line":12,"loc":{"start":{"line":12,"column":1},"end":{"line":12,"column":13}}},"2":{"name":"(anonymous_2)","line":19,"loc":{"start":{"line":19,"column":5},"end":{"line":19,"column":17}}},"3":{"name":"(anonymous_3)","line":23,"loc":{"start":{"line":23,"column":24},"end":{"line":23,"column":36}}}},"statementMap":{"1":{"start":{"line":12,"column":0},"end":{"line":53,"column":5}},"2":{"start":{"line":14,"column":4},"end":{"line":14,"column":14}},"3":{"start":{"line":19,"column":4},"end":{"line":52,"column":9}},"4":{"start":{"line":21,"column":8},"end":{"line":21,"column":19}},"5":{"start":{"line":23,"column":8},"end":{"line":35,"column":13}},"6":{"start":{"line":24,"column":12},"end":{"line":34,"column":13}},"7":{"start":{"line":25,"column":16},"end":{"line":28,"column":30}},"8":{"start":{"line":30,"column":16},"end":{"line":33,"column":27}},"9":{"start":{"line":37,"column":8},"end":{"line":39,"column":21}},"10":{"start":{"line":41,"column":8},"end":{"line":41,"column":54}},"11":{"start":{"line":43,"column":8},"end":{"line":43,"column":60}},"12":{"start":{"line":45,"column":8},"end":{"line":51,"column":9}},"13":{"start":{"line":46,"column":12},"end":{"line":46,"column":66}},"14":{"start":{"line":48,"column":12},"end":{"line":48,"column":35}},"15":{"start":{"line":49,"column":12},"end":{"line":49,"column":49}},"16":{"start":{"line":50,"column":12},"end":{"line":50,"column":43}}},"branchMap":{"1":{"line":25,"type":"binary-expr","locations":[{"start":{"line":25,"column":23},"end":{"line":25,"column":62}},{"start":{"line":26,"column":20},"end":{"line":26,"column":70}},{"start":{"line":27,"column":20},"end":{"line":27,"column":71}},{"start":{"line":28,"column":20},"end":{"line":28,"column":29}}]},"2":{"line":30,"type":"binary-expr","locations":[{"start":{"line":30,"column":23},"end":{"line":30,"column":37}},{"start":{"line":31,"column":20},"end":{"line":31,"column":61}},{"start":{"line":32,"column":20},"end":{"line":32,"column":70}},{"start":{"line":33,"column":20},"end":{"line":33,"column":26}}]},"3":{"line":37,"type":"cond-expr","locations":[{"start":{"line":38,"column":14},"end":{"line":38,"column":20}},{"start":{"line":39,"column":14},"end":{"line":39,"column":20}}]},"4":{"line":41,"type":"binary-expr","locations":[{"start":{"line":41,"column":16},"end":{"line":41,"column":44}},{"start":{"line":41,"column":48},"end":{"line":41,"column":53}}]},"5":{"line":45,"type":"if","locations":[{"start":{"line":45,"column":8},"end":{"line":45,"column":8}},{"start":{"line":45,"column":8},"end":{"line":45,"column":8}}]}},"code":["/* istanbul instrument in package npmtest_winston_mongodb */","/*jslint","    bitwise: true,","    browser: true,","    maxerr: 8,","    maxlen: 96,","    node: true,","    nomen: true,","    regexp: true,","    stupid: true","*/","(function () {","    'use strict';","    var local;","","","","    // run shared js-env code - pre-init","    (function () {","        // init local","        local = {};","        // init modeJs","        local.modeJs = (function () {","            try {","                return typeof navigator.userAgent === 'string' &&","                    typeof document.querySelector('body') === 'object' &&","                    typeof XMLHttpRequest.prototype.open === 'function' &&","                    'browser';","            } catch (errorCaughtBrowser) {","                return module.exports &&","                    typeof process.versions.node === 'string' &&","                    typeof require('http').createServer === 'function' &&","                    'node';","            }","        }());","        // init global","        local.global = local.modeJs === 'browser'","            ? window","            : global;","        // init utility2_rollup","        local = local.global.utility2_rollup || local;","        // init lib","        local.local = local.npmtest_winston_mongodb = local;","        // init exports","        if (local.modeJs === 'browser') {","            local.global.utility2_npmtest_winston_mongodb = local;","        } else {","            module.exports = local;","            module.exports.__dirname = __dirname;","            module.exports.module = module;","        }","    }());","}());",""],"l":{"12":2,"14":2,"19":2,"21":2,"23":2,"24":2,"25":2,"30":1,"37":2,"41":2,"43":2,"45":2,"46":1,"48":1,"49":1,"50":1}},"/home/travis/build/npmtest/node-npmtest-winston-mongodb/example.js":{"path":"/home/travis/build/npmtest/node-npmtest-winston-mongodb/example.js","s":{"1":2,"2":2,"3":2,"4":2,"5":2,"6":2,"7":2,"8":1,"9":2,"10":2,"11":2,"12":2,"13":1,"14":2,"15":2,"16":2,"17":2,"18":2,"19":0,"20":2,"21":1,"22":1,"23":1,"24":1,"25":1,"26":0,"27":0,"28":1,"29":1,"30":2,"31":0,"32":0,"33":0,"34":1,"35":2,"36":2,"37":3,"38":3,"39":3,"40":3,"41":0,"42":3,"43":3,"44":3,"45":1,"46":3,"47":1,"48":1,"49":1,"50":1,"51":1,"52":1,"53":1,"54":1,"55":1,"56":1,"57":0,"58":1,"59":6,"60":6,"61":1,"62":2,"63":0,"64":2,"65":1,"66":1,"67":0,"68":0,"69":0,"70":0,"71":0,"72":0,"73":0,"74":0,"75":0,"76":0,"77":0,"78":0,"79":0,"80":0,"81":0,"82":0,"83":0},"b":{"1":[2,1,1,1],"2":[1,1,1,1],"3":[1,1],"4":[2,2],"5":[1,1],"6":[1,1],"7":[2,0],"8":[2,1,1,1,1,1],"9":[0,2,0],"10":[1,1],"11":[2,1,1],"12":[1,0],"13":[0,2],"14":[2,0,0,0,0,0,0],"15":[0,3],"16":[3,0],"17":[1,1],"18":[0,1],"19":[1,2,0,2],"20":[1,0],"21":[1,1],"22":[0,0],"23":[0,0],"24":[0,0],"25":[0,0],"26":[0,0],"27":[0,0],"28":[0,0]},"f":{"1":2,"2":2,"3":2,"4":2,"5":2,"6":2,"7":3,"8":3,"9":3,"10":1,"11":6,"12":0},"fnMap":{"1":{"name":"(anonymous_1)","line":26,"loc":{"start":{"line":26,"column":1},"end":{"line":26,"column":13}}},"2":{"name":"(anonymous_2)","line":33,"loc":{"start":{"line":33,"column":5},"end":{"line":33,"column":17}}},"3":{"name":"(anonymous_3)","line":37,"loc":{"start":{"line":37,"column":24},"end":{"line":37,"column":36}}},"4":{"name":"(anonymous_4)","line":69,"loc":{"start":{"line":69,"column":31},"end":{"line":69,"column":48}},"skip":true},"5":{"name":"(anonymous_5)","line":78,"loc":{"start":{"line":78,"column":26},"end":{"line":78,"column":45}},"skip":true},"6":{"name":"(anonymous_6)","line":123,"loc":{"start":{"line":123,"column":33},"end":{"line":123,"column":48}},"skip":true},"7":{"name":"(anonymous_7)","line":125,"loc":{"start":{"line":125,"column":27},"end":{"line":125,"column":39}},"skip":true},"8":{"name":"(anonymous_8)","line":133,"loc":{"start":{"line":133,"column":59},"end":{"line":133,"column":74}},"skip":true},"9":{"name":"(anonymous_9)","line":143,"loc":{"start":{"line":143,"column":45},"end":{"line":143,"column":62}},"skip":true},"10":{"name":"(anonymous_10)","line":144,"loc":{"start":{"line":144,"column":73},"end":{"line":144,"column":92}},"skip":true},"11":{"name":"(anonymous_11)","line":272,"loc":{"start":{"line":272,"column":51},"end":{"line":272,"column":77}},"skip":true},"12":{"name":"(anonymous_12)","line":315,"loc":{"start":{"line":315,"column":32},"end":{"line":315,"column":61}},"skip":true}},"statementMap":{"1":{"start":{"line":26,"column":0},"end":{"line":326,"column":5}},"2":{"start":{"line":28,"column":4},"end":{"line":28,"column":14}},"3":{"start":{"line":33,"column":4},"end":{"line":60,"column":9}},"4":{"start":{"line":35,"column":8},"end":{"line":35,"column":19}},"5":{"start":{"line":37,"column":8},"end":{"line":49,"column":13}},"6":{"start":{"line":38,"column":12},"end":{"line":48,"column":13}},"7":{"start":{"line":39,"column":16},"end":{"line":42,"column":30}},"8":{"start":{"line":44,"column":16},"end":{"line":47,"column":27}},"9":{"start":{"line":51,"column":8},"end":{"line":53,"column":21}},"10":{"start":{"line":55,"column":8},"end":{"line":57,"column":45}},"11":{"start":{"line":59,"column":8},"end":{"line":59,"column":35}},"12":{"start":{"line":61,"column":4},"end":{"line":325,"column":5}},"13":{"start":{"line":69,"column":8},"end":{"line":121,"column":10},"skip":true},"14":{"start":{"line":70,"column":12},"end":{"line":88,"column":13},"skip":true},"15":{"start":{"line":76,"column":16},"end":{"line":87,"column":19},"skip":true},"16":{"start":{"line":79,"column":20},"end":{"line":86,"column":21},"skip":true},"17":{"start":{"line":82,"column":24},"end":{"line":82,"column":43},"skip":true},"18":{"start":{"line":83,"column":24},"end":{"line":83,"column":30},"skip":true},"19":{"start":{"line":85,"column":24},"end":{"line":85,"column":49},"skip":true},"20":{"start":{"line":89,"column":12},"end":{"line":107,"column":13},"skip":true},"21":{"start":{"line":92,"column":16},"end":{"line":102,"column":17},"skip":true},"22":{"start":{"line":93,"column":20},"end":{"line":93,"column":86},"skip":true},"23":{"start":{"line":94,"column":20},"end":{"line":95,"column":45},"skip":true},"24":{"start":{"line":96,"column":20},"end":{"line":96,"column":42},"skip":true},"25":{"start":{"line":97,"column":20},"end":{"line":97,"column":48},"skip":true},"26":{"start":{"line":100,"column":20},"end":{"line":100,"column":85},"skip":true},"27":{"start":{"line":101,"column":20},"end":{"line":101,"column":96},"skip":true},"28":{"start":{"line":103,"column":16},"end":{"line":103,"column":22},"skip":true},"29":{"start":{"line":106,"column":16},"end":{"line":106,"column":22},"skip":true},"30":{"start":{"line":108,"column":12},"end":{"line":120,"column":13},"skip":true},"31":{"start":{"line":114,"column":16},"end":{"line":119,"column":17},"skip":true},"32":{"start":{"line":116,"column":20},"end":{"line":116,"column":78},"skip":true},"33":{"start":{"line":118,"column":20},"end":{"line":118,"column":47},"skip":true},"34":{"start":{"line":123,"column":8},"end":{"line":141,"column":11},"skip":true},"35":{"start":{"line":124,"column":12},"end":{"line":124,"column":54},"skip":true},"36":{"start":{"line":125,"column":12},"end":{"line":140,"column":14},"skip":true},"37":{"start":{"line":126,"column":16},"end":{"line":126,"column":28},"skip":true},"38":{"start":{"line":127,"column":16},"end":{"line":127,"column":69},"skip":true},"39":{"start":{"line":128,"column":16},"end":{"line":128,"column":75},"skip":true},"40":{"start":{"line":129,"column":16},"end":{"line":131,"column":17},"skip":true},"41":{"start":{"line":130,"column":20},"end":{"line":130,"column":27},"skip":true},"42":{"start":{"line":133,"column":16},"end":{"line":137,"column":36},"skip":true},"43":{"start":{"line":134,"column":20},"end":{"line":136,"column":55},"skip":true},"44":{"start":{"line":139,"column":16},"end":{"line":139,"column":57},"skip":true},"45":{"start":{"line":143,"column":8},"end":{"line":147,"column":11},"skip":true},"46":{"start":{"line":144,"column":12},"end":{"line":146,"column":15},"skip":true},"47":{"start":{"line":145,"column":16},"end":{"line":145,"column":70},"skip":true},"48":{"start":{"line":149,"column":8},"end":{"line":149,"column":31},"skip":true},"49":{"start":{"line":150,"column":8},"end":{"line":150,"column":14},"skip":true},"50":{"start":{"line":158,"column":8},"end":{"line":158,"column":31},"skip":true},"51":{"start":{"line":160,"column":8},"end":{"line":160,"column":33},"skip":true},"52":{"start":{"line":161,"column":8},"end":{"line":161,"column":37},"skip":true},"53":{"start":{"line":162,"column":8},"end":{"line":162,"column":35},"skip":true},"54":{"start":{"line":164,"column":8},"end":{"line":164,"column":50},"skip":true},"55":{"start":{"line":166,"column":8},"end":{"line":256,"column":2},"skip":true},"56":{"start":{"line":258,"column":8},"end":{"line":286,"column":9},"skip":true},"57":{"start":{"line":259,"column":12},"end":{"line":269,"column":14},"skip":true},"58":{"start":{"line":271,"column":12},"end":{"line":285,"column":19},"skip":true},"59":{"start":{"line":274,"column":20},"end":{"line":274,"column":35},"skip":true},"60":{"start":{"line":275,"column":20},"end":{"line":284,"column":21},"skip":true},"61":{"start":{"line":277,"column":24},"end":{"line":277,"column":64},"skip":true},"62":{"start":{"line":279,"column":24},"end":{"line":279,"column":40},"skip":true},"63":{"start":{"line":281,"column":24},"end":{"line":281,"column":40},"skip":true},"64":{"start":{"line":283,"column":24},"end":{"line":283,"column":39},"skip":true},"65":{"start":{"line":288,"column":8},"end":{"line":290,"column":9},"skip":true},"66":{"start":{"line":289,"column":12},"end":{"line":289,"column":18},"skip":true},"67":{"start":{"line":291,"column":8},"end":{"line":293,"column":54},"skip":true},"68":{"start":{"line":296,"column":8},"end":{"line":301,"column":37},"skip":true},"69":{"start":{"line":303,"column":8},"end":{"line":303,"column":82},"skip":true},"70":{"start":{"line":306,"column":8},"end":{"line":308,"column":9},"skip":true},"71":{"start":{"line":307,"column":12},"end":{"line":307,"column":82},"skip":true},"72":{"start":{"line":310,"column":8},"end":{"line":312,"column":9},"skip":true},"73":{"start":{"line":311,"column":12},"end":{"line":311,"column":18},"skip":true},"74":{"start":{"line":313,"column":8},"end":{"line":313,"column":54},"skip":true},"75":{"start":{"line":314,"column":8},"end":{"line":314,"column":69},"skip":true},"76":{"start":{"line":315,"column":8},"end":{"line":323,"column":36},"skip":true},"77":{"start":{"line":316,"column":12},"end":{"line":316,"column":61},"skip":true},"78":{"start":{"line":317,"column":12},"end":{"line":320,"column":13},"skip":true},"79":{"start":{"line":318,"column":16},"end":{"line":318,"column":75},"skip":true},"80":{"start":{"line":319,"column":16},"end":{"line":319,"column":23},"skip":true},"81":{"start":{"line":321,"column":12},"end":{"line":321,"column":38},"skip":true},"82":{"start":{"line":322,"column":12},"end":{"line":322,"column":27},"skip":true},"83":{"start":{"line":324,"column":8},"end":{"line":324,"column":14},"skip":true}},"branchMap":{"1":{"line":39,"type":"binary-expr","locations":[{"start":{"line":39,"column":23},"end":{"line":39,"column":62}},{"start":{"line":40,"column":20},"end":{"line":40,"column":70}},{"start":{"line":41,"column":20},"end":{"line":41,"column":71}},{"start":{"line":42,"column":20},"end":{"line":42,"column":29}}]},"2":{"line":44,"type":"binary-expr","locations":[{"start":{"line":44,"column":23},"end":{"line":44,"column":37}},{"start":{"line":45,"column":20},"end":{"line":45,"column":61}},{"start":{"line":46,"column":20},"end":{"line":46,"column":70}},{"start":{"line":47,"column":20},"end":{"line":47,"column":26}}]},"3":{"line":51,"type":"cond-expr","locations":[{"start":{"line":52,"column":14},"end":{"line":52,"column":20}},{"start":{"line":53,"column":14},"end":{"line":53,"column":20}}]},"4":{"line":55,"type":"binary-expr","locations":[{"start":{"line":55,"column":16},"end":{"line":55,"column":44}},{"start":{"line":55,"column":49},"end":{"line":57,"column":43}}]},"5":{"line":55,"type":"cond-expr","locations":[{"start":{"line":56,"column":14},"end":{"line":56,"column":59}},{"start":{"line":57,"column":14},"end":{"line":57,"column":43}}]},"6":{"line":61,"type":"switch","locations":[{"start":{"line":68,"column":4},"end":{"line":150,"column":14},"skip":true},{"start":{"line":156,"column":4},"end":{"line":324,"column":14},"skip":true}]},"7":{"line":70,"type":"if","locations":[{"start":{"line":70,"column":12},"end":{"line":70,"column":12},"skip":true},{"start":{"line":70,"column":12},"end":{"line":70,"column":12},"skip":true}]},"8":{"line":70,"type":"binary-expr","locations":[{"start":{"line":70,"column":16},"end":{"line":70,"column":22},"skip":true},{"start":{"line":70,"column":27},"end":{"line":70,"column":32},"skip":true},{"start":{"line":71,"column":20},"end":{"line":71,"column":39},"skip":true},{"start":{"line":72,"column":20},"end":{"line":72,"column":49},"skip":true},{"start":{"line":73,"column":20},"end":{"line":73,"column":58},"skip":true},{"start":{"line":74,"column":20},"end":{"line":74,"column":69},"skip":true}]},"9":{"line":79,"type":"switch","locations":[{"start":{"line":80,"column":20},"end":{"line":80,"column":33},"skip":true},{"start":{"line":81,"column":20},"end":{"line":83,"column":30},"skip":true},{"start":{"line":84,"column":20},"end":{"line":85,"column":49},"skip":true}]},"10":{"line":89,"type":"switch","locations":[{"start":{"line":90,"column":12},"end":{"line":103,"column":22},"skip":true},{"start":{"line":105,"column":12},"end":{"line":106,"column":22},"skip":true}]},"11":{"line":89,"type":"binary-expr","locations":[{"start":{"line":89,"column":20},"end":{"line":89,"column":25},"skip":true},{"start":{"line":89,"column":29},"end":{"line":89,"column":48},"skip":true},{"start":{"line":89,"column":52},"end":{"line":89,"column":74},"skip":true}]},"12":{"line":92,"type":"if","locations":[{"start":{"line":92,"column":16},"end":{"line":92,"column":16},"skip":true},{"start":{"line":92,"column":16},"end":{"line":92,"column":16},"skip":true}]},"13":{"line":108,"type":"if","locations":[{"start":{"line":108,"column":12},"end":{"line":108,"column":12},"skip":true},{"start":{"line":108,"column":12},"end":{"line":108,"column":12},"skip":true}]},"14":{"line":108,"type":"binary-expr","locations":[{"start":{"line":108,"column":16},"end":{"line":108,"column":61},"skip":true},{"start":{"line":108,"column":66},"end":{"line":108,"column":72},"skip":true},{"start":{"line":108,"column":77},"end":{"line":108,"column":82},"skip":true},{"start":{"line":109,"column":20},"end":{"line":109,"column":39},"skip":true},{"start":{"line":110,"column":20},"end":{"line":110,"column":49},"skip":true},{"start":{"line":111,"column":20},"end":{"line":111,"column":58},"skip":true},{"start":{"line":112,"column":20},"end":{"line":112,"column":68},"skip":true}]},"15":{"line":129,"type":"if","locations":[{"start":{"line":129,"column":16},"end":{"line":129,"column":16},"skip":true},{"start":{"line":129,"column":16},"end":{"line":129,"column":16},"skip":true}]},"16":{"line":134,"type":"cond-expr","locations":[{"start":{"line":135,"column":26},"end":{"line":135,"column":29},"skip":true},{"start":{"line":136,"column":26},"end":{"line":136,"column":54},"skip":true}]},"17":{"line":164,"type":"binary-expr","locations":[{"start":{"line":164,"column":27},"end":{"line":164,"column":43},"skip":true},{"start":{"line":164,"column":47},"end":{"line":164,"column":49},"skip":true}]},"18":{"line":258,"type":"if","locations":[{"start":{"line":258,"column":8},"end":{"line":258,"column":8},"skip":true},{"start":{"line":258,"column":8},"end":{"line":258,"column":8},"skip":true}]},"19":{"line":275,"type":"switch","locations":[{"start":{"line":276,"column":20},"end":{"line":277,"column":64},"skip":true},{"start":{"line":278,"column":20},"end":{"line":279,"column":40},"skip":true},{"start":{"line":280,"column":20},"end":{"line":281,"column":40},"skip":true},{"start":{"line":282,"column":20},"end":{"line":283,"column":39},"skip":true}]},"20":{"line":288,"type":"if","locations":[{"start":{"line":288,"column":8},"end":{"line":288,"column":8},"skip":true},{"start":{"line":288,"column":8},"end":{"line":288,"column":8},"skip":true}]},"21":{"line":288,"type":"binary-expr","locations":[{"start":{"line":288,"column":12},"end":{"line":288,"column":40},"skip":true},{"start":{"line":288,"column":44},"end":{"line":288,"column":67},"skip":true}]},"22":{"line":292,"type":"binary-expr","locations":[{"start":{"line":292,"column":12},"end":{"line":292,"column":50},"skip":true},{"start":{"line":293,"column":12},"end":{"line":293,"column":53},"skip":true}]},"23":{"line":297,"type":"binary-expr","locations":[{"start":{"line":297,"column":12},"end":{"line":297,"column":73},"skip":true},{"start":{"line":298,"column":12},"end":{"line":301,"column":36},"skip":true}]},"24":{"line":303,"type":"binary-expr","locations":[{"start":{"line":303,"column":43},"end":{"line":303,"column":75},"skip":true},{"start":{"line":303,"column":79},"end":{"line":303,"column":81},"skip":true}]},"25":{"line":306,"type":"if","locations":[{"start":{"line":306,"column":8},"end":{"line":306,"column":8},"skip":true},{"start":{"line":306,"column":8},"end":{"line":306,"column":8},"skip":true}]},"26":{"line":310,"type":"if","locations":[{"start":{"line":310,"column":8},"end":{"line":310,"column":8},"skip":true},{"start":{"line":310,"column":8},"end":{"line":310,"column":8},"skip":true}]},"27":{"line":313,"type":"binary-expr","locations":[{"start":{"line":313,"column":27},"end":{"line":313,"column":43},"skip":true},{"start":{"line":313,"column":47},"end":{"line":313,"column":53},"skip":true}]},"28":{"line":317,"type":"if","locations":[{"start":{"line":317,"column":12},"end":{"line":317,"column":12},"skip":true},{"start":{"line":317,"column":12},"end":{"line":317,"column":12},"skip":true}]}},"code":["/*","example.js","","quickstart example","","instruction","    1. save this script as example.js","    2. run the shell command:","        $ npm install npmtest-winston-mongodb && PORT=8081 node example.js","    3. play with the browser-demo on http://127.0.0.1:8081","*/","","","","/* istanbul instrument in package npmtest_winston_mongodb */","/*jslint","    bitwise: true,","    browser: true,","    maxerr: 8,","    maxlen: 96,","    node: true,","    nomen: true,","    regexp: true,","    stupid: true","*/","(function () {","    'use strict';","    var local;","","","","    // run shared js-env code - pre-init","    (function () {","        // init local","        local = {};","        // init modeJs","        local.modeJs = (function () {","            try {","                return typeof navigator.userAgent === 'string' &&","                    typeof document.querySelector('body') === 'object' &&","                    typeof XMLHttpRequest.prototype.open === 'function' &&","                    'browser';","            } catch (errorCaughtBrowser) {","                return module.exports &&","                    typeof process.versions.node === 'string' &&","                    typeof require('http').createServer === 'function' &&","                    'node';","            }","        }());","        // init global","        local.global = local.modeJs === 'browser'","            ? window","            : global;","        // init utility2_rollup","        local = local.global.utility2_rollup || (local.modeJs === 'browser'","            ? local.global.utility2_npmtest_winston_mongodb","            : global.utility2_moduleExports);","        // export local","        local.global.local = local;","    }());","    switch (local.modeJs) {","","","","    // post-init","    // run browser js-env code - post-init","    /* istanbul ignore next */","    case 'browser':","        local.testRunBrowser = function (event) {","            if (!event || (event &&","                    event.currentTarget &&","                    event.currentTarget.className &&","                    event.currentTarget.className.includes &&","                    event.currentTarget.className.includes('onreset'))) {","                // reset output","                Array.from(","                    document.querySelectorAll('body > .resettable')","                ).forEach(function (element) {","                    switch (element.tagName) {","                    case 'INPUT':","                    case 'TEXTAREA':","                        element.value = '';","                        break;","                    default:","                        element.textContent = '';","                    }","                });","            }","            switch (event && event.currentTarget && event.currentTarget.id) {","            case 'testRunButton1':","                // show tests","                if (document.querySelector('#testReportDiv1').style.display === 'none') {","                    document.querySelector('#testReportDiv1').style.display = 'block';","                    document.querySelector('#testRunButton1').textContent =","                        'hide internal test';","                    local.modeTest = true;","                    local.testRunDefault(local);","                // hide tests","                } else {","                    document.querySelector('#testReportDiv1').style.display = 'none';","                    document.querySelector('#testRunButton1').textContent = 'run internal test';","                }","                break;","            // custom-case","            default:","                break;","            }","            if (document.querySelector('#inputTextareaEval1') && (!event || (event &&","                    event.currentTarget &&","                    event.currentTarget.className &&","                    event.currentTarget.className.includes &&","                    event.currentTarget.className.includes('oneval')))) {","                // try to eval input-code","                try {","                    /*jslint evil: true*/","                    eval(document.querySelector('#inputTextareaEval1').value);","                } catch (errorCaught) {","                    console.error(errorCaught);","                }","            }","        };","        // log stderr and stdout to #outputTextareaStdout1","        ['error', 'log'].forEach(function (key) {","            console[key + '_original'] = console[key];","            console[key] = function () {","                var element;","                console[key + '_original'].apply(console, arguments);","                element = document.querySelector('#outputTextareaStdout1');","                if (!element) {","                    return;","                }","                // append text to #outputTextareaStdout1","                element.value += Array.from(arguments).map(function (arg) {","                    return typeof arg === 'string'","                        ? arg","                        : JSON.stringify(arg, null, 4);","                }).join(' ') + '\\n';","                // scroll textarea to bottom","                element.scrollTop = element.scrollHeight;","            };","        });","        // init event-handling","        ['change', 'click', 'keyup'].forEach(function (event) {","            Array.from(document.querySelectorAll('.on' + event)).forEach(function (element) {","                element.addEventListener(event, local.testRunBrowser);","            });","        });","        // run tests","        local.testRunBrowser();","        break;","","","","    // run node js-env code - post-init","    /* istanbul ignore next */","    case 'node':","        // export local","        module.exports = local;","        // require modules","        local.fs = require('fs');","        local.http = require('http');","        local.url = require('url');","        // init assets","        local.assetsDict = local.assetsDict || {};","        /* jslint-ignore-begin */","        local.assetsDict['/assets.index.template.html'] = '\\","<!doctype html>\\n\\","<html lang=\"en\">\\n\\","<head>\\n\\","<meta charset=\"UTF-8\">\\n\\","<meta name=\"viewport\" content=\"width=device-width, initial-scale=1\">\\n\\","<title>{{env.npm_package_name}} (v{{env.npm_package_version}})</title>\\n\\","<style>\\n\\","/*csslint\\n\\","    box-sizing: false,\\n\\","    universal-selector: false\\n\\","*/\\n\\","* {\\n\\","    box-sizing: border-box;\\n\\","}\\n\\","body {\\n\\","    background: #dde;\\n\\","    font-family: Arial, Helvetica, sans-serif;\\n\\","    margin: 2rem;\\n\\","}\\n\\","body > * {\\n\\","    margin-bottom: 1rem;\\n\\","}\\n\\",".utility2FooterDiv {\\n\\","    margin-top: 20px;\\n\\","    text-align: center;\\n\\","}\\n\\","</style>\\n\\","<style>\\n\\","/*csslint\\n\\","*/\\n\\","textarea {\\n\\","    font-family: monospace;\\n\\","    height: 10rem;\\n\\","    width: 100%;\\n\\","}\\n\\","textarea[readonly] {\\n\\","    background: #ddd;\\n\\","}\\n\\","</style>\\n\\","</head>\\n\\","<body>\\n\\","<!-- utility2-comment\\n\\","<div id=\"ajaxProgressDiv1\" style=\"background: #d00; height: 2px; left: 0; margin: 0; padding: 0; position: fixed; top: 0; transition: background 0.5s, width 1.5s; width: 25%;\"></div>\\n\\","utility2-comment -->\\n\\","<h1>\\n\\","<!-- utility2-comment\\n\\","    <a\\n\\","        {{#if env.npm_package_homepage}}\\n\\","        href=\"{{env.npm_package_homepage}}\"\\n\\","        {{/if env.npm_package_homepage}}\\n\\","        target=\"_blank\"\\n\\","    >\\n\\","utility2-comment -->\\n\\","        {{env.npm_package_name}} (v{{env.npm_package_version}})\\n\\","<!-- utility2-comment\\n\\","    </a>\\n\\","utility2-comment -->\\n\\","</h1>\\n\\","<h3>{{env.npm_package_description}}</h3>\\n\\","<!-- utility2-comment\\n\\","<h4><a download href=\"assets.app.js\">download standalone app</a></h4>\\n\\","<button class=\"onclick onreset\" id=\"testRunButton1\">run internal test</button><br>\\n\\","<div id=\"testReportDiv1\" style=\"display: none;\"></div>\\n\\","utility2-comment -->\\n\\","\\n\\","\\n\\","\\n\\","<label>stderr and stdout</label>\\n\\","<textarea class=\"resettable\" id=\"outputTextareaStdout1\" readonly></textarea>\\n\\","<!-- utility2-comment\\n\\","{{#if isRollup}}\\n\\","<script src=\"assets.app.js\"></script>\\n\\","{{#unless isRollup}}\\n\\","utility2-comment -->\\n\\","<script src=\"assets.utility2.rollup.js\"></script>\\n\\","<script src=\"jsonp.utility2._stateInit?callback=window.utility2._stateInit\"></script>\\n\\","<script src=\"assets.npmtest_winston_mongodb.rollup.js\"></script>\\n\\","<script src=\"assets.example.js\"></script>\\n\\","<script src=\"assets.test.js\"></script>\\n\\","<!-- utility2-comment\\n\\","{{/if isRollup}}\\n\\","utility2-comment -->\\n\\","<div class=\"utility2FooterDiv\">\\n\\","    [ this app was created with\\n\\","    <a href=\"https://github.com/kaizhu256/node-utility2\" target=\"_blank\">utility2</a>\\n\\","    ]\\n\\","</div>\\n\\","</body>\\n\\","</html>\\n\\","';","        /* jslint-ignore-end */","        if (local.templateRender) {","            local.assetsDict['/'] = local.templateRender(","                local.assetsDict['/assets.index.template.html'],","                {","                    env: local.objectSetDefault(local.env, {","                        npm_package_description: 'the greatest app in the world!',","                        npm_package_name: 'my-app',","                        npm_package_nameAlias: 'my_app',","                        npm_package_version: '0.0.1'","                    })","                }","            );","        } else {","            local.assetsDict['/'] = local.assetsDict['/assets.index.template.html']","                .replace((/\\{\\{env\\.(\\w+?)\\}\\}/g), function (match0, match1) {","                    // jslint-hack","                    String(match0);","                    switch (match1) {","                    case 'npm_package_description':","                        return 'the greatest app in the world!';","                    case 'npm_package_name':","                        return 'my-app';","                    case 'npm_package_nameAlias':","                        return 'my_app';","                    case 'npm_package_version':","                        return '0.0.1';","                    }","                });","        }","        // run the cli","        if (local.global.utility2_rollup || module !== require.main) {","            break;","        }","        local.assetsDict['/assets.example.js'] =","            local.assetsDict['/assets.example.js'] ||","            local.fs.readFileSync(__filename, 'utf8');","        // bug-workaround - long $npm_package_buildCustomOrg","        /* jslint-ignore-begin */","        local.assetsDict['/assets.npmtest_winston_mongodb.rollup.js'] =","            local.assetsDict['/assets.npmtest_winston_mongodb.rollup.js'] ||","            local.fs.readFileSync(","                local.npmtest_winston_mongodb.__dirname + '/lib.npmtest_winston_mongodb.js',","                'utf8'","            ).replace((/^#!/), '//');","        /* jslint-ignore-end */","        local.assetsDict['/favicon.ico'] = local.assetsDict['/favicon.ico'] || '';","        // if $npm_config_timeout_exit exists,","        // then exit this process after $npm_config_timeout_exit ms","        if (Number(process.env.npm_config_timeout_exit)) {","            setTimeout(process.exit, Number(process.env.npm_config_timeout_exit));","        }","        // start server","        if (local.global.utility2_serverHttp1) {","            break;","        }","        process.env.PORT = process.env.PORT || '8081';","        console.error('server starting on port ' + process.env.PORT);","        local.http.createServer(function (request, response) {","            request.urlParsed = local.url.parse(request.url);","            if (local.assetsDict[request.urlParsed.pathname] !== undefined) {","                response.end(local.assetsDict[request.urlParsed.pathname]);","                return;","            }","            response.statusCode = 404;","            response.end();","        }).listen(process.env.PORT);","        break;","    }","}());",""],"l":{"26":2,"28":2,"33":2,"35":2,"37":2,"38":2,"39":2,"44":1,"51":2,"55":2,"59":2,"61":2,"69":1,"70":2,"76":2,"79":2,"82":2,"83":2,"85":1,"89":2,"92":1,"93":1,"94":1,"96":1,"97":1,"100":1,"101":1,"103":1,"106":1,"108":2,"114":1,"116":1,"118":1,"123":1,"124":2,"125":2,"126":3,"127":3,"128":3,"129":3,"130":1,"133":3,"134":3,"139":3,"143":1,"144":3,"145":1,"149":1,"150":1,"158":1,"160":1,"161":1,"162":1,"164":1,"166":1,"258":1,"259":1,"271":1,"274":6,"275":6,"277":1,"279":2,"281":1,"283":2,"288":1,"289":1,"291":1,"296":1,"303":1,"306":1,"307":1,"310":1,"311":1,"313":1,"314":1,"315":1,"316":1,"317":1,"318":1,"319":1,"321":1,"322":1,"324":1}},"/home/travis/build/npmtest/node-npmtest-winston-mongodb/node_modules/winston-mongodb/lib/winston-mongodb.js":{"path":"/home/travis/build/npmtest/node-npmtest-winston-mongodb/node_modules/winston-mongodb/lib/winston-mongodb.js","s":{"1":4,"2":4,"3":4,"4":4,"5":0,"6":0,"7":0,"8":0,"9":0,"10":0,"11":0,"12":0,"13":0,"14":0,"15":0,"16":0,"17":0,"18":0,"19":0,"20":0,"21":0,"22":0,"23":0,"24":0,"25":0,"26":0,"27":0,"28":0,"29":0,"30":0,"31":0,"32":0,"33":1,"34":0,"35":0,"36":0,"37":0,"38":0,"39":1,"40":0,"41":0,"42":0,"43":1,"44":0,"45":0,"46":0,"47":0,"48":0,"49":0,"50":0,"51":0,"52":0,"53":0,"54":0,"55":0,"56":0,"57":0,"58":0,"59":1,"60":0,"61":0,"62":0,"63":0,"64":0,"65":0,"66":0,"67":1,"68":0,"69":0,"70":0,"71":0,"72":0,"73":0,"74":0,"75":0,"76":0,"77":0,"78":0,"79":0,"80":0,"81":0,"82":0,"83":0,"84":0,"85":0,"86":0,"87":0,"88":0,"89":0,"90":0,"91":0,"92":0,"93":0,"94":0,"95":0,"96":0,"97":0,"98":0,"99":0,"100":0,"101":0,"102":0,"103":0,"104":0,"105":0,"106":0,"107":0,"108":0,"109":0,"110":0,"111":0,"112":0,"113":0,"114":0,"115":0,"116":0,"117":0,"118":0,"119":0,"120":0,"121":0,"122":0,"123":0,"124":0,"125":0,"126":0,"127":0,"128":0,"129":0,"130":0,"131":0,"132":0,"133":0,"134":0,"135":0,"136":0,"137":0,"138":0,"139":0,"140":0,"141":0,"142":0,"143":0,"144":0,"145":0,"146":0,"147":0,"148":0,"149":0,"150":0,"151":0,"152":0,"153":0,"154":0,"155":0,"156":0,"157":0,"158":0,"159":0,"160":0,"161":0,"162":0,"163":0,"164":0,"165":0,"166":0,"167":0,"168":0,"169":0,"170":0,"171":0,"172":0,"173":0,"174":0,"175":0,"176":0,"177":0,"178":0,"179":0,"180":0,"181":0,"182":0,"183":0,"184":0,"185":0,"186":0,"187":0,"188":0,"189":0,"190":0,"191":0,"192":0,"193":0,"194":0,"195":0,"196":0,"197":0,"198":0,"199":0,"200":0,"201":0,"202":0,"203":0,"204":1,"205":0,"206":0},"b":{"1":[0,0],"2":[0,0],"3":[0,0],"4":[0,0],"5":[0,0],"6":[0,0],"7":[0,0],"8":[0,0],"9":[0,0],"10":[0,0],"11":[0,0],"12":[0,0],"13":[0,0],"14":[0,0],"15":[0,0],"16":[0,0],"17":[0,0],"18":[0,0],"19":[0,0],"20":[0,0],"21":[0,0],"22":[0,0],"23":[0,0],"24":[0,0],"25":[0,0],"26":[0,0],"27":[0,0],"28":[0,0],"29":[0,0],"30":[0,0],"31":[0,0],"32":[0,0],"33":[0,0],"34":[0,0],"35":[0,0],"36":[0,0],"37":[0,0],"38":[0,0],"39":[0,0],"40":[0,0],"41":[0,0],"42":[0,0],"43":[0,0],"44":[0,0],"45":[0,0],"46":[0,0],"47":[0,0],"48":[0,0],"49":[0,0],"50":[0,0],"51":[0,0],"52":[0,0],"53":[0,0]},"f":{"1":0,"2":0,"3":0,"4":0,"5":0,"6":0,"7":0,"8":0,"9":0,"10":0,"11":0,"12":0,"13":0,"14":0,"15":0,"16":0},"fnMap":{"1":{"name":"(anonymous_1)","line":56,"loc":{"start":{"line":56,"column":32},"end":{"line":56,"column":50}}},"2":{"name":"setupDatabaseAndEmptyQueue","line":89,"loc":{"start":{"line":89,"column":2},"end":{"line":89,"column":42}}},"3":{"name":"processOpQueue","line":98,"loc":{"start":{"line":98,"column":2},"end":{"line":98,"column":28}}},"4":{"name":"createCollection","line":103,"loc":{"start":{"line":103,"column":2},"end":{"line":103,"column":32}}},"5":{"name":"authorizeDb","line":126,"loc":{"start":{"line":126,"column":2},"end":{"line":126,"column":27}}},"6":{"name":"connectToDatabase","line":138,"loc":{"start":{"line":138,"column":2},"end":{"line":138,"column":37}}},"7":{"name":"(anonymous_7)","line":178,"loc":{"start":{"line":178,"column":26},"end":{"line":178,"column":37}}},"8":{"name":"(anonymous_8)","line":196,"loc":{"start":{"line":196,"column":24},"end":{"line":196,"column":59}}},"9":{"name":"(anonymous_9)","line":234,"loc":{"start":{"line":234,"column":26},"end":{"line":234,"column":52}}},"10":{"name":"(anonymous_10)","line":269,"loc":{"start":{"line":269,"column":27},"end":{"line":269,"column":53}}},"11":{"name":"(anonymous_11)","line":277,"loc":{"start":{"line":277,"column":19},"end":{"line":277,"column":30}}},"12":{"name":"(anonymous_12)","line":305,"loc":{"start":{"line":305,"column":21},"end":{"line":305,"column":32}}},"13":{"name":"(anonymous_13)","line":327,"loc":{"start":{"line":327,"column":31},"end":{"line":327,"column":57}}},"14":{"name":"(anonymous_14)","line":343,"loc":{"start":{"line":343,"column":19},"end":{"line":343,"column":30}}},"15":{"name":"check","line":346,"loc":{"start":{"line":346,"column":3},"end":{"line":346,"column":20}}},"16":{"name":"next","line":383,"loc":{"start":{"line":383,"column":4},"end":{"line":383,"column":20}}}},"statementMap":{"1":{"start":{"line":9,"column":0},"end":{"line":9,"column":29}},"2":{"start":{"line":10,"column":0},"end":{"line":10,"column":25}},"3":{"start":{"line":11,"column":0},"end":{"line":11,"column":35}},"4":{"start":{"line":12,"column":0},"end":{"line":12,"column":35}},"5":{"start":{"line":13,"column":0},"end":{"line":13,"column":40}},"6":{"start":{"line":14,"column":0},"end":{"line":14,"column":37}},"7":{"start":{"line":56,"column":0},"end":{"line":158,"column":2}},"8":{"start":{"line":57,"column":2},"end":{"line":57,"column":40}},"9":{"start":{"line":58,"column":2},"end":{"line":58,"column":28}},"10":{"start":{"line":59,"column":2},"end":{"line":61,"column":3}},"11":{"start":{"line":60,"column":4},"end":{"line":60,"column":56}},"12":{"start":{"line":62,"column":2},"end":{"line":62,"column":40}},"13":{"start":{"line":63,"column":2},"end":{"line":63,"column":23}},"14":{"start":{"line":64,"column":2},"end":{"line":64,"column":33}},"15":{"start":{"line":65,"column":2},"end":{"line":70,"column":3}},"16":{"start":{"line":66,"column":4},"end":{"line":69,"column":6}},"17":{"start":{"line":71,"column":2},"end":{"line":71,"column":50}},"18":{"start":{"line":72,"column":2},"end":{"line":72,"column":41}},"19":{"start":{"line":73,"column":2},"end":{"line":73,"column":31}},"20":{"start":{"line":74,"column":2},"end":{"line":74,"column":35}},"21":{"start":{"line":75,"column":2},"end":{"line":75,"column":35}},"22":{"start":{"line":76,"column":2},"end":{"line":76,"column":37}},"23":{"start":{"line":77,"column":2},"end":{"line":77,"column":29}},"24":{"start":{"line":78,"column":2},"end":{"line":78,"column":31}},"25":{"start":{"line":79,"column":2},"end":{"line":79,"column":53}},"26":{"start":{"line":80,"column":2},"end":{"line":80,"column":37}},"27":{"start":{"line":81,"column":2},"end":{"line":81,"column":39}},"28":{"start":{"line":82,"column":2},"end":{"line":82,"column":71}},"29":{"start":{"line":83,"column":2},"end":{"line":85,"column":3}},"30":{"start":{"line":84,"column":4},"end":{"line":84,"column":34}},"31":{"start":{"line":86,"column":2},"end":{"line":86,"column":21}},"32":{"start":{"line":87,"column":2},"end":{"line":87,"column":18}},"33":{"start":{"line":89,"column":2},"end":{"line":97,"column":3}},"34":{"start":{"line":90,"column":4},"end":{"line":96,"column":7}},"35":{"start":{"line":91,"column":6},"end":{"line":91,"column":17}},"36":{"start":{"line":92,"column":6},"end":{"line":92,"column":68}},"37":{"start":{"line":94,"column":6},"end":{"line":94,"column":22}},"38":{"start":{"line":95,"column":6},"end":{"line":95,"column":23}},"39":{"start":{"line":98,"column":2},"end":{"line":102,"column":3}},"40":{"start":{"line":99,"column":4},"end":{"line":100,"column":58}},"41":{"start":{"line":100,"column":6},"end":{"line":100,"column":56}},"42":{"start":{"line":101,"column":4},"end":{"line":101,"column":25}},"43":{"start":{"line":103,"column":2},"end":{"line":125,"column":3}},"44":{"start":{"line":104,"column":4},"end":{"line":105,"column":70}},"45":{"start":{"line":106,"column":4},"end":{"line":124,"column":20}},"46":{"start":{"line":107,"column":6},"end":{"line":107,"column":41}},"47":{"start":{"line":108,"column":6},"end":{"line":108,"column":61}},"48":{"start":{"line":109,"column":6},"end":{"line":111,"column":7}},"49":{"start":{"line":110,"column":8},"end":{"line":110,"column":63}},"50":{"start":{"line":112,"column":6},"end":{"line":123,"column":9}},"51":{"start":{"line":113,"column":8},"end":{"line":113,"column":55}},"52":{"start":{"line":113,"column":30},"end":{"line":113,"column":53}},"53":{"start":{"line":114,"column":8},"end":{"line":122,"column":9}},"54":{"start":{"line":115,"column":10},"end":{"line":115,"column":61}},"55":{"start":{"line":117,"column":10},"end":{"line":121,"column":11}},"56":{"start":{"line":119,"column":12},"end":{"line":120,"column":67}},"57":{"start":{"line":120,"column":22},"end":{"line":120,"column":65}},"58":{"start":{"line":124,"column":16},"end":{"line":124,"column":18}},"59":{"start":{"line":126,"column":2},"end":{"line":137,"column":3}},"60":{"start":{"line":127,"column":4},"end":{"line":136,"column":5}},"61":{"start":{"line":128,"column":6},"end":{"line":133,"column":9}},"62":{"start":{"line":129,"column":8},"end":{"line":131,"column":9}},"63":{"start":{"line":130,"column":10},"end":{"line":130,"column":58}},"64":{"start":{"line":132,"column":8},"end":{"line":132,"column":18}},"65":{"start":{"line":135,"column":6},"end":{"line":135,"column":47}},"66":{"start":{"line":135,"column":34},"end":{"line":135,"column":45}},"67":{"start":{"line":138,"column":2},"end":{"line":148,"column":3}},"68":{"start":{"line":139,"column":4},"end":{"line":147,"column":7}},"69":{"start":{"line":141,"column":6},"end":{"line":141,"column":71}},"70":{"start":{"line":142,"column":6},"end":{"line":146,"column":7}},"71":{"start":{"line":143,"column":8},"end":{"line":143,"column":76}},"72":{"start":{"line":144,"column":8},"end":{"line":145,"column":46}},"73":{"start":{"line":144,"column":36},"end":{"line":144,"column":62}},"74":{"start":{"line":145,"column":19},"end":{"line":145,"column":44}},"75":{"start":{"line":150,"column":2},"end":{"line":157,"column":3}},"76":{"start":{"line":151,"column":4},"end":{"line":151,"column":28}},"77":{"start":{"line":152,"column":9},"end":{"line":157,"column":3}},"78":{"start":{"line":153,"column":4},"end":{"line":154,"column":73}},"79":{"start":{"line":153,"column":50},"end":{"line":154,"column":71}},"80":{"start":{"line":156,"column":4},"end":{"line":156,"column":40}},"81":{"start":{"line":164,"column":0},"end":{"line":164,"column":42}},"82":{"start":{"line":171,"column":0},"end":{"line":171,"column":37}},"83":{"start":{"line":178,"column":0},"end":{"line":186,"column":2}},"84":{"start":{"line":179,"column":2},"end":{"line":181,"column":3}},"85":{"start":{"line":180,"column":4},"end":{"line":180,"column":11}},"86":{"start":{"line":182,"column":2},"end":{"line":185,"column":5}},"87":{"start":{"line":182,"column":30},"end":{"line":182,"column":47}},"88":{"start":{"line":183,"column":4},"end":{"line":184,"column":27}},"89":{"start":{"line":196,"column":0},"end":{"line":225,"column":2}},"90":{"start":{"line":197,"column":2},"end":{"line":200,"column":3}},"91":{"start":{"line":198,"column":4},"end":{"line":198,"column":57}},"92":{"start":{"line":199,"column":4},"end":{"line":199,"column":11}},"93":{"start":{"line":203,"column":2},"end":{"line":224,"column":5}},"94":{"start":{"line":204,"column":4},"end":{"line":207,"column":5}},"95":{"start":{"line":205,"column":6},"end":{"line":205,"column":21}},"96":{"start":{"line":206,"column":6},"end":{"line":206,"column":13}},"97":{"start":{"line":208,"column":4},"end":{"line":208,"column":47}},"98":{"start":{"line":209,"column":4},"end":{"line":209,"column":84}},"99":{"start":{"line":210,"column":4},"end":{"line":210,"column":51}},"100":{"start":{"line":211,"column":4},"end":{"line":213,"column":5}},"101":{"start":{"line":212,"column":6},"end":{"line":212,"column":37}},"102":{"start":{"line":214,"column":4},"end":{"line":216,"column":5}},"103":{"start":{"line":215,"column":6},"end":{"line":215,"column":31}},"104":{"start":{"line":217,"column":4},"end":{"line":223,"column":7}},"105":{"start":{"line":218,"column":6},"end":{"line":218,"column":26}},"106":{"start":{"line":219,"column":6},"end":{"line":219,"column":21}},"107":{"start":{"line":221,"column":6},"end":{"line":221,"column":30}},"108":{"start":{"line":222,"column":6},"end":{"line":222,"column":14}},"109":{"start":{"line":234,"column":0},"end":{"line":259,"column":2}},"110":{"start":{"line":235,"column":2},"end":{"line":238,"column":3}},"111":{"start":{"line":236,"column":4},"end":{"line":236,"column":59}},"112":{"start":{"line":237,"column":4},"end":{"line":237,"column":11}},"113":{"start":{"line":239,"column":2},"end":{"line":242,"column":3}},"114":{"start":{"line":240,"column":4},"end":{"line":240,"column":21}},"115":{"start":{"line":241,"column":4},"end":{"line":241,"column":21}},"116":{"start":{"line":243,"column":2},"end":{"line":243,"column":49}},"117":{"start":{"line":244,"column":2},"end":{"line":244,"column":69}},"118":{"start":{"line":245,"column":2},"end":{"line":249,"column":4}},"119":{"start":{"line":250,"column":2},"end":{"line":252,"column":3}},"120":{"start":{"line":251,"column":4},"end":{"line":251,"column":32}},"121":{"start":{"line":253,"column":2},"end":{"line":258,"column":15}},"122":{"start":{"line":254,"column":4},"end":{"line":256,"column":5}},"123":{"start":{"line":255,"column":6},"end":{"line":255,"column":40}},"124":{"start":{"line":255,"column":24},"end":{"line":255,"column":38}},"125":{"start":{"line":257,"column":4},"end":{"line":257,"column":19}},"126":{"start":{"line":269,"column":0},"end":{"line":318,"column":2}},"127":{"start":{"line":270,"column":2},"end":{"line":270,"column":26}},"128":{"start":{"line":271,"column":2},"end":{"line":271,"column":32}},"129":{"start":{"line":272,"column":2},"end":{"line":272,"column":28}},"130":{"start":{"line":273,"column":2},"end":{"line":276,"column":3}},"131":{"start":{"line":274,"column":4},"end":{"line":274,"column":68}},"132":{"start":{"line":275,"column":4},"end":{"line":275,"column":18}},"133":{"start":{"line":277,"column":2},"end":{"line":279,"column":4}},"134":{"start":{"line":278,"column":4},"end":{"line":278,"column":26}},"135":{"start":{"line":280,"column":2},"end":{"line":282,"column":3}},"136":{"start":{"line":281,"column":4},"end":{"line":281,"column":17}},"137":{"start":{"line":283,"column":2},"end":{"line":283,"column":51}},"138":{"start":{"line":284,"column":2},"end":{"line":296,"column":3}},"139":{"start":{"line":285,"column":4},"end":{"line":294,"column":45}},"140":{"start":{"line":286,"column":6},"end":{"line":291,"column":9}},"141":{"start":{"line":287,"column":8},"end":{"line":289,"column":9}},"142":{"start":{"line":288,"column":10},"end":{"line":288,"column":25}},"143":{"start":{"line":290,"column":8},"end":{"line":290,"column":32}},"144":{"start":{"line":292,"column":6},"end":{"line":292,"column":27}},"145":{"start":{"line":293,"column":6},"end":{"line":293,"column":35}},"146":{"start":{"line":294,"column":18},"end":{"line":294,"column":43}},"147":{"start":{"line":295,"column":4},"end":{"line":295,"column":18}},"148":{"start":{"line":297,"column":2},"end":{"line":299,"column":3}},"149":{"start":{"line":298,"column":4},"end":{"line":298,"column":18}},"150":{"start":{"line":300,"column":2},"end":{"line":316,"column":43}},"151":{"start":{"line":301,"column":4},"end":{"line":303,"column":5}},"152":{"start":{"line":302,"column":6},"end":{"line":302,"column":46}},"153":{"start":{"line":304,"column":4},"end":{"line":304,"column":48}},"154":{"start":{"line":305,"column":4},"end":{"line":308,"column":6}},"155":{"start":{"line":306,"column":6},"end":{"line":306,"column":28}},"156":{"start":{"line":307,"column":6},"end":{"line":307,"column":23}},"157":{"start":{"line":309,"column":4},"end":{"line":314,"column":7}},"158":{"start":{"line":310,"column":6},"end":{"line":312,"column":7}},"159":{"start":{"line":311,"column":8},"end":{"line":311,"column":23}},"160":{"start":{"line":313,"column":6},"end":{"line":313,"column":30}},"161":{"start":{"line":315,"column":4},"end":{"line":315,"column":55}},"162":{"start":{"line":315,"column":28},"end":{"line":315,"column":53}},"163":{"start":{"line":316,"column":16},"end":{"line":316,"column":41}},"164":{"start":{"line":317,"column":2},"end":{"line":317,"column":16}},"165":{"start":{"line":327,"column":0},"end":{"line":388,"column":2}},"166":{"start":{"line":328,"column":2},"end":{"line":328,"column":26}},"167":{"start":{"line":329,"column":2},"end":{"line":329,"column":32}},"168":{"start":{"line":330,"column":2},"end":{"line":330,"column":18}},"169":{"start":{"line":331,"column":2},"end":{"line":331,"column":28}},"170":{"start":{"line":332,"column":2},"end":{"line":332,"column":11}},"171":{"start":{"line":333,"column":2},"end":{"line":336,"column":3}},"172":{"start":{"line":334,"column":4},"end":{"line":334,"column":72}},"173":{"start":{"line":335,"column":4},"end":{"line":335,"column":18}},"174":{"start":{"line":337,"column":2},"end":{"line":339,"column":3}},"175":{"start":{"line":338,"column":4},"end":{"line":338,"column":17}},"176":{"start":{"line":340,"column":2},"end":{"line":342,"column":3}},"177":{"start":{"line":341,"column":4},"end":{"line":341,"column":37}},"178":{"start":{"line":343,"column":2},"end":{"line":345,"column":4}},"179":{"start":{"line":344,"column":4},"end":{"line":344,"column":26}},"180":{"start":{"line":346,"column":2},"end":{"line":386,"column":7}},"181":{"start":{"line":347,"column":4},"end":{"line":347,"column":54}},"182":{"start":{"line":348,"column":4},"end":{"line":382,"column":7}},"183":{"start":{"line":349,"column":6},"end":{"line":351,"column":7}},"184":{"start":{"line":350,"column":8},"end":{"line":350,"column":15}},"185":{"start":{"line":352,"column":6},"end":{"line":354,"column":7}},"186":{"start":{"line":353,"column":8},"end":{"line":353,"column":22}},"187":{"start":{"line":355,"column":6},"end":{"line":373,"column":7}},"188":{"start":{"line":356,"column":8},"end":{"line":361,"column":11}},"189":{"start":{"line":357,"column":10},"end":{"line":359,"column":11}},"190":{"start":{"line":358,"column":12},"end":{"line":358,"column":27}},"191":{"start":{"line":360,"column":10},"end":{"line":360,"column":34}},"192":{"start":{"line":363,"column":8},"end":{"line":372,"column":11}},"193":{"start":{"line":364,"column":10},"end":{"line":366,"column":11}},"194":{"start":{"line":365,"column":12},"end":{"line":365,"column":27}},"195":{"start":{"line":367,"column":10},"end":{"line":371,"column":11}},"196":{"start":{"line":368,"column":12},"end":{"line":368,"column":36}},"197":{"start":{"line":370,"column":12},"end":{"line":370,"column":23}},"198":{"start":{"line":374,"column":6},"end":{"line":374,"column":44}},"199":{"start":{"line":375,"column":6},"end":{"line":375,"column":13}},"200":{"start":{"line":377,"column":6},"end":{"line":379,"column":7}},"201":{"start":{"line":378,"column":8},"end":{"line":378,"column":15}},"202":{"start":{"line":380,"column":6},"end":{"line":380,"column":13}},"203":{"start":{"line":381,"column":6},"end":{"line":381,"column":32}},"204":{"start":{"line":383,"column":4},"end":{"line":385,"column":5}},"205":{"start":{"line":384,"column":6},"end":{"line":384,"column":30}},"206":{"start":{"line":387,"column":2},"end":{"line":387,"column":16}}},"branchMap":{"1":{"line":58,"type":"binary-expr","locations":[{"start":{"line":58,"column":13},"end":{"line":58,"column":20}},{"start":{"line":58,"column":24},"end":{"line":58,"column":26}}]},"2":{"line":59,"type":"if","locations":[{"start":{"line":59,"column":2},"end":{"line":59,"column":2}},{"start":{"line":59,"column":2},"end":{"line":59,"column":2}}]},"3":{"line":62,"type":"binary-expr","locations":[{"start":{"line":62,"column":14},"end":{"line":62,"column":26}},{"start":{"line":62,"column":30},"end":{"line":62,"column":39}}]},"4":{"line":65,"type":"if","locations":[{"start":{"line":65,"column":2},"end":{"line":65,"column":2}},{"start":{"line":65,"column":2},"end":{"line":65,"column":2}}]},"5":{"line":71,"type":"binary-expr","locations":[{"start":{"line":71,"column":21},"end":{"line":71,"column":39}},{"start":{"line":71,"column":43},"end":{"line":71,"column":48}}]},"6":{"line":72,"type":"binary-expr","locations":[{"start":{"line":72,"column":16},"end":{"line":72,"column":29}},{"start":{"line":72,"column":33},"end":{"line":72,"column":39}}]},"7":{"line":79,"type":"binary-expr","locations":[{"start":{"line":79,"column":21},"end":{"line":79,"column":39}},{"start":{"line":79,"column":43},"end":{"line":79,"column":51}}]},"8":{"line":82,"type":"binary-expr","locations":[{"start":{"line":82,"column":28},"end":{"line":82,"column":40}},{"start":{"line":82,"column":44},"end":{"line":82,"column":70}}]},"9":{"line":83,"type":"if","locations":[{"start":{"line":83,"column":2},"end":{"line":83,"column":2}},{"start":{"line":83,"column":2},"end":{"line":83,"column":2}}]},"10":{"line":104,"type":"cond-expr","locations":[{"start":{"line":105,"column":6},"end":{"line":105,"column":64}},{"start":{"line":105,"column":67},"end":{"line":105,"column":69}}]},"11":{"line":109,"type":"if","locations":[{"start":{"line":109,"column":6},"end":{"line":109,"column":6}},{"start":{"line":109,"column":6},"end":{"line":109,"column":6}}]},"12":{"line":114,"type":"if","locations":[{"start":{"line":114,"column":8},"end":{"line":114,"column":8}},{"start":{"line":114,"column":8},"end":{"line":114,"column":8}}]},"13":{"line":117,"type":"if","locations":[{"start":{"line":117,"column":10},"end":{"line":117,"column":10}},{"start":{"line":117,"column":10},"end":{"line":117,"column":10}}]},"14":{"line":117,"type":"binary-expr","locations":[{"start":{"line":117,"column":14},"end":{"line":117,"column":54}},{"start":{"line":118,"column":14},"end":{"line":118,"column":68}}]},"15":{"line":127,"type":"if","locations":[{"start":{"line":127,"column":4},"end":{"line":127,"column":4}},{"start":{"line":127,"column":4},"end":{"line":127,"column":4}}]},"16":{"line":127,"type":"binary-expr","locations":[{"start":{"line":127,"column":8},"end":{"line":127,"column":21}},{"start":{"line":127,"column":25},"end":{"line":127,"column":38}}]},"17":{"line":129,"type":"if","locations":[{"start":{"line":129,"column":8},"end":{"line":129,"column":8}},{"start":{"line":129,"column":8},"end":{"line":129,"column":8}}]},"18":{"line":142,"type":"if","locations":[{"start":{"line":142,"column":6},"end":{"line":142,"column":6}},{"start":{"line":142,"column":6},"end":{"line":142,"column":6}}]},"19":{"line":150,"type":"if","locations":[{"start":{"line":150,"column":2},"end":{"line":150,"column":2}},{"start":{"line":150,"column":2},"end":{"line":150,"column":2}}]},"20":{"line":152,"type":"if","locations":[{"start":{"line":152,"column":9},"end":{"line":152,"column":9}},{"start":{"line":152,"column":9},"end":{"line":152,"column":9}}]},"21":{"line":179,"type":"if","locations":[{"start":{"line":179,"column":2},"end":{"line":179,"column":2}},{"start":{"line":179,"column":2},"end":{"line":179,"column":2}}]},"22":{"line":197,"type":"if","locations":[{"start":{"line":197,"column":2},"end":{"line":197,"column":2}},{"start":{"line":197,"column":2},"end":{"line":197,"column":2}}]},"23":{"line":204,"type":"if","locations":[{"start":{"line":204,"column":4},"end":{"line":204,"column":4}},{"start":{"line":204,"column":4},"end":{"line":204,"column":4}}]},"24":{"line":209,"type":"cond-expr","locations":[{"start":{"line":209,"column":38},"end":{"line":209,"column":77}},{"start":{"line":209,"column":80},"end":{"line":209,"column":83}}]},"25":{"line":211,"type":"if","locations":[{"start":{"line":211,"column":4},"end":{"line":211,"column":4}},{"start":{"line":211,"column":4},"end":{"line":211,"column":4}}]},"26":{"line":214,"type":"if","locations":[{"start":{"line":214,"column":4},"end":{"line":214,"column":4}},{"start":{"line":214,"column":4},"end":{"line":214,"column":4}}]},"27":{"line":235,"type":"if","locations":[{"start":{"line":235,"column":2},"end":{"line":235,"column":2}},{"start":{"line":235,"column":2},"end":{"line":235,"column":2}}]},"28":{"line":239,"type":"if","locations":[{"start":{"line":239,"column":2},"end":{"line":239,"column":2}},{"start":{"line":239,"column":2},"end":{"line":239,"column":2}}]},"29":{"line":248,"type":"cond-expr","locations":[{"start":{"line":248,"column":49},"end":{"line":248,"column":51}},{"start":{"line":248,"column":54},"end":{"line":248,"column":55}}]},"30":{"line":250,"type":"if","locations":[{"start":{"line":250,"column":2},"end":{"line":250,"column":2}},{"start":{"line":250,"column":2},"end":{"line":250,"column":2}}]},"31":{"line":254,"type":"if","locations":[{"start":{"line":254,"column":4},"end":{"line":254,"column":4}},{"start":{"line":254,"column":4},"end":{"line":254,"column":4}}]},"32":{"line":270,"type":"binary-expr","locations":[{"start":{"line":270,"column":12},"end":{"line":270,"column":19}},{"start":{"line":270,"column":23},"end":{"line":270,"column":25}}]},"33":{"line":271,"type":"binary-expr","locations":[{"start":{"line":271,"column":11},"end":{"line":271,"column":17}},{"start":{"line":271,"column":21},"end":{"line":271,"column":31}}]},"34":{"line":273,"type":"if","locations":[{"start":{"line":273,"column":2},"end":{"line":273,"column":2}},{"start":{"line":273,"column":2},"end":{"line":273,"column":2}}]},"35":{"line":280,"type":"if","locations":[{"start":{"line":280,"column":2},"end":{"line":280,"column":2}},{"start":{"line":280,"column":2},"end":{"line":280,"column":2}}]},"36":{"line":284,"type":"if","locations":[{"start":{"line":284,"column":2},"end":{"line":284,"column":2}},{"start":{"line":284,"column":2},"end":{"line":284,"column":2}}]},"37":{"line":287,"type":"if","locations":[{"start":{"line":287,"column":8},"end":{"line":287,"column":8}},{"start":{"line":287,"column":8},"end":{"line":287,"column":8}}]},"38":{"line":297,"type":"if","locations":[{"start":{"line":297,"column":2},"end":{"line":297,"column":2}},{"start":{"line":297,"column":2},"end":{"line":297,"column":2}}]},"39":{"line":301,"type":"if","locations":[{"start":{"line":301,"column":4},"end":{"line":301,"column":4}},{"start":{"line":301,"column":4},"end":{"line":301,"column":4}}]},"40":{"line":310,"type":"if","locations":[{"start":{"line":310,"column":6},"end":{"line":310,"column":6}},{"start":{"line":310,"column":6},"end":{"line":310,"column":6}}]},"41":{"line":328,"type":"binary-expr","locations":[{"start":{"line":328,"column":12},"end":{"line":328,"column":19}},{"start":{"line":328,"column":23},"end":{"line":328,"column":25}}]},"42":{"line":329,"type":"binary-expr","locations":[{"start":{"line":329,"column":11},"end":{"line":329,"column":17}},{"start":{"line":329,"column":21},"end":{"line":329,"column":31}}]},"43":{"line":333,"type":"if","locations":[{"start":{"line":333,"column":2},"end":{"line":333,"column":2}},{"start":{"line":333,"column":2},"end":{"line":333,"column":2}}]},"44":{"line":337,"type":"if","locations":[{"start":{"line":337,"column":2},"end":{"line":337,"column":2}},{"start":{"line":337,"column":2},"end":{"line":337,"column":2}}]},"45":{"line":340,"type":"if","locations":[{"start":{"line":340,"column":2},"end":{"line":340,"column":2}},{"start":{"line":340,"column":2},"end":{"line":340,"column":2}}]},"46":{"line":347,"type":"cond-expr","locations":[{"start":{"line":347,"column":23},"end":{"line":347,"column":48}},{"start":{"line":347,"column":51},"end":{"line":347,"column":53}}]},"47":{"line":349,"type":"if","locations":[{"start":{"line":349,"column":6},"end":{"line":349,"column":6}},{"start":{"line":349,"column":6},"end":{"line":349,"column":6}}]},"48":{"line":352,"type":"if","locations":[{"start":{"line":352,"column":6},"end":{"line":352,"column":6}},{"start":{"line":352,"column":6},"end":{"line":352,"column":6}}]},"49":{"line":355,"type":"if","locations":[{"start":{"line":355,"column":6},"end":{"line":355,"column":6}},{"start":{"line":355,"column":6},"end":{"line":355,"column":6}}]},"50":{"line":357,"type":"if","locations":[{"start":{"line":357,"column":10},"end":{"line":357,"column":10}},{"start":{"line":357,"column":10},"end":{"line":357,"column":10}}]},"51":{"line":364,"type":"if","locations":[{"start":{"line":364,"column":10},"end":{"line":364,"column":10}},{"start":{"line":364,"column":10},"end":{"line":364,"column":10}}]},"52":{"line":367,"type":"if","locations":[{"start":{"line":367,"column":10},"end":{"line":367,"column":10}},{"start":{"line":367,"column":10},"end":{"line":367,"column":10}}]},"53":{"line":377,"type":"if","locations":[{"start":{"line":377,"column":6},"end":{"line":377,"column":6}},{"start":{"line":377,"column":6},"end":{"line":377,"column":6}}]}},"code":["/**"," * @module 'winston-mongodb'"," * @fileoverview Winston transport for logging into MongoDB"," * @license MIT"," * @author charlie@nodejitsu.com (Charlie Robbins)"," * @author 0@39.yt (Yurij Mikhalevich)"," */","'use strict';","const util = require('util');","const os = require('os');","const mongodb = require('mongodb');","const winston = require('winston');","const Stream = require('stream').Stream;","const helpers = require('./helpers');","","","","/**"," * Constructor for the MongoDB transport object."," * @constructor"," * @param {Object} options"," * @param {string=info} options.level Level of messages that this transport"," * should log."," * @param {boolean=false} options.silent Boolean flag indicating whether to"," * suppress output."," * @param {string|Object} options.db MongoDB connection uri or preconnected db"," * object."," * @param {Object} options.options MongoDB connection parameters"," * (optional, defaults to `{poolSize: 2, autoReconnect: true}`)."," * @param {string=logs} options.collection The name of the collection you want"," * to store log messages in."," * @param {boolean=false} options.storeHost Boolean indicating if you want to"," * store machine hostname in logs entry, if set to true it populates MongoDB"," * entry with 'hostname' field, which stores os.hostname() value."," * @param {string} options.username The username to use when logging into"," * MongoDB."," * @param {string} options.password The password to use when logging into"," * MongoDB. If you don't supply a username and password it will not use MongoDB"," * authentication."," * @param {string} options.label Label stored with entry object if defined."," * @param {string} options.name Transport instance identifier. Useful if you"," * need to create multiple MongoDB transports."," * @param {boolean=false} options.capped In case 
[...]
se of fail during initialization. Works only if `db` is"," * a string."," * @param {boolean=false} options.decolorize Will remove color attributes from"," * the log entry message."," * @param {number} options.expireAfterSeconds Seconds before the entry is removed. Do not use if capped is set."," */","let MongoDB = exports.MongoDB = function(options) {","  winston.Transport.call(this, options);","  options = (options || {});","  if (!options.db) {","    throw new Error('You should provide db to log to.');","  }","  this.name = options.name || 'mongodb';","  this.db = options.db;","  this.options = options.options;","  if (!this.options) {","    this.options = {","      poolSize: 2,","      autoReconnect: true","    };","  }","  this.collection = (options.collection || 'log');","  this.level = (options.level || 'info');","  this.silent = options.silent;","  this.username = options.username;","  this.password = options.password;","  this.storeHost = options.storeHost;","  this.label = options.label;","  this.capped = options.capped;","  this.cappedSize = (options.cappedSize || 10000000);","  this.cappedMax = options.cappedMax;","  this.decolorize = options.decolorize;","  this.expireAfterSeconds = !this.capped && options.expireAfterSeconds;","  if (this.storeHost) {","    this.hostname = os.hostname();","  }","  this._opQueue = [];","  let self = this;","","  function setupDatabaseAndEmptyQueue(db) {","    return authorizeDb(db).then(createCollection, err=>{","      db.close();","      console.error('winston-mongodb, initialization error: ', err);","    }).then(db=>{","      self.logDb = db;","      processOpQueue();","    });","  }","  function processOpQueue() {","    self._opQueue.forEach(operation=>","      self[operation.method].apply(self, operation.args));","    delete self._opQueue;","  }","  function createCollection(db) {","    let opts = self.capped ?","      {capped: true, size: self.cappedSize, max: self.cappedMax} : {};","    return db.createCollection(self.collection, opts).then(col=>{","      const ttlIndexName = 'timestamp_1';","      let indexOpts = {name: ttlIndexName, background: true};","      if (self.expireAfterSeconds) {","        indexOpts.expireAfterSeconds = self.expireAfterSeconds;","      }","      return col.indexInformation({full: true}).then(info=>{","        info = info.filter(i=>i.name === ttlIndexName);","        if (info.length === 0) { // if its a new index then create it","          return col.createIndex({timestamp: -1}, indexOpts);","        } else { // if index existed with the same name check if expireAfterSeconds param has changed","          if (info[0].expireAfterSeconds !== undefined &&","              info[0].expireAfterSeconds !== self.expireAfterSeconds) {","            return col.dropIndex(ttlIndexName)","            .then(()=>col.createIndex({timestamp: -1}, indexOpts));","          }","        }","      });","    }).then(()=>db);","  }","  function authorizeDb(db) {","    if (self.username && self.password) {","      return db.authenticate(self.username, self.password).then(ok=>{","        if (!ok) {","          throw new Error('invalid username or password');","        }","        return db;","      });","    } else {","      return new Promise(resolve=>resolve(db));","    }","  }","  function connectToDatabase(logger) {","    return mongodb.MongoClient.connect(logger.db, logger.options","    ).then(setupDatabaseAndEmptyQueue, err=>{","      console.error('winston-mongodb: error initialising logger', err);","      if (options.tryReconnect) {","        console.log('winston-mongodb: will try reconnecting in 10 seconds');","        return new Promise(resolve=>setTimeout(resolve, 10000)","        ).then(()=>connectToDatabase(logger));","      }","    });","  }","","  if ('string' === typeof this.db) {","    connectToDatabase(this);","  } else if ('function' === typeof this.db.then) {","    this.db.then(setupDatabaseAndEmptyQueue, err=>console.error(","        'winston-mongodb: error initialising logger from promise', err));","  } else { // preconnected object","    setupDatabaseAndEmptyQueue(this.db);","  }","};","","","/**"," * Inherit from `winston.Transport`."," */","util.inherits(MongoDB, winston.Transport);","","","/**"," * Define a getter so that `winston.transports.MongoDB`"," * is available and thus backwards compatible."," */","winston.transports.MongoDB = MongoDB;","","","/**"," * Closes MongoDB connection so using process would not hang up."," * Used by winston Logger.close on transports."," */","MongoDB.prototype.close = function() {","  if (!this.logDb) {","    return;","  }","  this.logDb.close().then(()=>this.logDb = null).catch(err=>{","    console.error('Winston MongoDB transport encountered on error during '","        + 'closing.', err);","  });","};","","","/**"," * Core logging method exposed to Winston. Metadata is optional."," * @param {string} level Level at which to log the message."," * @param {string} msg Message to log"," * @param {Object=} opt_meta Additional metadata to attach"," * @param {Function} cb Continuation to respond to when complete."," */","MongoDB.prototype.log = function(level, msg, opt_meta, cb) {","  if (!this.logDb) {","    this._opQueue.push({method: 'log', args: arguments});","    return;","  }","  // Avoid reentrancy that can be not assumed by database code.","  // If database logs, better not to call database itself in the same call.","  process.nextTick(()=>{","    if (this.silent) {","      cb(null, true);","      return;","    }","    let entry = {timestamp: new Date(), level};","    entry.message = this.decolorize ? msg.replace(/\\u001b\\[[0-9]{1,2}m/g, '') : msg;","    entry.meta = helpers.prepareMetaData(opt_meta);","    if (this.storeHost) {","      entry.hostname = this.hostname;","    }","    if (this.label) {","      entry.label = this.label;","    }","    this.logDb.collection(this.collection).insertOne(entry).then(()=>{","      this.emit('logged');","      cb(null, true);","    }).catch(err=>{","      this.emit('error', err);","      cb(err);","    });","  });","};","","","/**"," * Query the transport. Options object is optional."," * @param {Object=} opt_options Loggly-like query options for this instance."," * @param {Function} cb Continuation to respond to when complete."," * @return {*}"," */","MongoDB.prototype.query = function(opt_options, cb) {","  if (!this.logDb) {","    this._opQueue.push({method: 'query', args: arguments});","    return;","  }","  if ('function' === typeof opt_options) {","    cb = opt_options;","    opt_options = {};","  }","  let options = this.normalizeQuery(opt_options);","  let query = {timestamp: {$gte: options.from, $lte: options.until}};","  let opt = {","    skip: options.start,","    limit: options.rows,","    sort: {timestamp: options.order === 'desc' ? -1 : 1}","  };","  if (options.fields) {","    opt.fields = options.fields;","  }","  this.logDb.collection(this.collection).find(query, opt).toArray().then(docs=>{","    if (!options.includeIds) {","      docs.forEach(log=>delete log._id);","    }","    cb(null, docs);","  }).catch(cb);","};","","","/**"," * Returns a log stream for this transport. Options object is optional."," * This will only work with a capped collection."," * @param {Object} options Stream options for this instance."," * @param {Stream} stream Pass in a pre-existing stream."," * @return {Stream}"," */","MongoDB.prototype.stream = function(options, stream) {","  options = options || {};","  stream = stream || new Stream;","  let start = options.start;","  if (!this.logDb) {","    this._opQueue.push({method: 'stream', args: [options, stream]});","    return stream;","  }","  stream.destroy = function() {","    this.destroyed = true;","  };","  if (start === -1) {","    start = null;","  }","  let col = this.logDb.collection(this.collection);","  if (start != null) {","    col.find({}, {skip: start}).toArray().then(docs=>{","      docs.forEach(doc=>{","        if (!options.includeIds) {","          delete doc._id;","        }","        stream.emit('log', doc);","      });","      delete options.start;","      this.stream(options, stream);","    }).catch(err=>stream.emit('error', err));","    return stream;","  }","  if (stream.destroyed) {","    return stream;","  }","  col.isCapped().then(capped=>{","    if (!capped) {","      return this.streamPoll(options, stream);","    }","    let cursor = col.find({}, {tailable: true});","    stream.destroy = function() {","      this.destroyed = true;","      cursor.destroy();","    };","    cursor.on('data', doc=>{","      if (!options.includeIds) {","        delete doc._id;","      }","      stream.emit('log', doc);","    });","    cursor.on('error', err=>stream.emit('error', err));","  }).catch(err=>stream.emit('error', err));","  return stream;","};","","","/**"," * Returns a log stream for this transport. Options object is optional."," * @param {Object} options Stream options for this instance."," * @param {Stream} stream Pass in a pre-existing stream."," * @return {Stream}"," */","MongoDB.prototype.streamPoll = function(options, stream) {","  options = options || {};","  stream = stream || new Stream;","  let self = this;","  let start = options.start;","  let last;","  if (!this.logDb) {","    this._opQueue.push({method: 'streamPoll', args: [options, stream]});","    return stream;","  }","  if (start === -1) {","    start = null;","  }","  if (start == null) {","    last = new Date(new Date - 1000);","  }","  stream.destroy = function() {","    this.destroyed = true;","  };","  (function check() {","    let query = last ? {timestamp: {$gte: last}} : {};","    self.logDb.collection(self.collection).find(query).toArray().then(docs=>{","      if (stream.destroyed) {","        return;","      }","      if (!docs.length) {","        return next();","      }","      if (start == null) {","        docs.forEach(doc=>{","          if (!options.includeIds) {","            delete doc._id;","          }","          stream.emit('log', doc);","        });","      } else {","        docs.forEach(doc=>{","          if (!options.includeIds) {","            delete doc._id;","          }","          if (!start) {","            stream.emit('log', doc);","          } else {","            start -= 1;","          }","        });","      }","      last = new Date(docs.pop().timestamp);","      next();","    }).catch(err=>{","      if (stream.destroyed) {","        return;","      }","      next();","      stream.emit('error', err);","    });","    function next() {","      setTimeout(check, 2000);","    }","  })();","  return stream;","};",""],"l":{"9":4,"10":4,"11":4,"12":4,"13":0,"14":0,"56":0,"57":0,"58":0,"59":0,"60":0,"62":0,"63":0,"64":0,"65":0,"66":0,"71":0,"72":0,"73":0,"74":0,"75":0,"76":0,"77":0,"78":0,"79":0,"80":0,"81":0,"82":0,"83":0,"84":0,"86":0,"87":0,"89":1,"90":0,"91":0,"92":0,"94":0,"95":0,"98":1,"99":0,"100":0,"101":0,"103":1,"104":0,"106":0,"107":0,"108":0,"109":0,"110":0,"112":0,"113":0,"114":0,"115":0,"117":0,"119":0,"120":0,"124":0,"126":1,"127":0,"128":0,"129":0,"130":0,"132":0,"135":0,"138":1,"139":0,"141":0,"142":0,"143":0,"144":0,"145":0,"150":0,"151":0,"152":0,"153":0,"156":0,"164":0,"171":0,"178":0,"179":0,"180":0,"182":0,"183":0,"196":0,"197":0,"198":0,"199":0,"203":0,"204":0,"205":0,"206":0,"208":0,"209":0,"210":0,"211":0,"212":0,"214":0,"215":0,"217":0,"218":0,"219":0,"221":0,"222":0,"234":0,"235":0,"236":0,"237":0,"239":0,"240":0,"241":0,"243":0,"244":0,"245":0,"250":0,"251":0,"253":0,"254":0,"255":0,"257":0,"269":0,"270":0,"271":0,"272":0,"273":0,"274":0,"275":0,"277":0,"278":0,"280":0,"281":0,"283":0,"284":0,"285":0,"286":0,"287":0,"288":0,"290":0,"292":0,"293":0,"294":0,"295":0,"297":0,"298":0,"300":0,"301":0,"302":0,"304":0,"305":0,"306":0,"307":0,"309":0,"310":0,"311":0,"313":0,"315":0,"316":0,"317":0,"327":0,"328":0,"329":0,"330":0,"331":0,"332":0,"333":0,"334":0,"335":0,"337":0,"338":0,"340":0,"341":0,"343":0,"344":0,"346":0,"347":0,"348":0,"349":0,"350":0,"352":0,"353":0,"355":0,"356":0,"357":0,"358":0,"360":0,"363":0,"364":0,"365":0,"367":0,"368":0,"370":0,"374":0,"375":0,"377":0,"378":0,"380":0,"381":0,"383":1,"384":0,"387":0}},"/home/travis/build/npmtest/node-npmtest-winston-mongodb/node_modules/winston-mongodb/lib/helpers.js":{"path":"/home/travis/build/npmtest/node-npmtest-winston-mongodb/node_modules/winston-mongodb/lib/helpers.js","s":{"1":2,"2":0,"3":0,"4":0,"5":0,"6":0,"7":0,"8":0,"9":0,"10":0,"11":1,"12":0,"13":0,"14":0,"15":0,"16":0,"17":0,"18":0,"19":0,"20":0,"21":1,"22":0,"23":0,"24":0,"25":0,"26":0,"27":0,"28":0,"29":0,"30":0,"31":0,"32":0,"33":0,"34":0,"35":0},"b":{"1":[0,0],"2":[0,0],"3":[0,0],"4":[0,0],"5":[0,0],"6":[0,0],"7":[0,0],"8":[0,0],"9":[0,0],"10":[0,0],"11":[0,0],"12":[0,0]},"f":{"1":0,"2":0},"fnMap":{"1":{"name":"cleanFieldNames","line":36,"loc":{"start":{"line":36,"column":0},"end":{"line":36,"column":33}}},"2":{"name":"makeObjectNonCircular","line":59,"loc":{"start":{"line":59,"column":0},"end":{"line":59,"column":50}}}},"statementMap":{"1":{"start":{"line":8,"column":0},"end":{"line":8,"column":53}},"2":{"start":{"line":9,"column":0},"end":{"line":9,"column":45}},"3":{"start":{"line":17,"column":0},"end":{"line":29,"column":2}},"4":{"start":{"line":18,"column":2},"end":{"line":22,"column":3}},"5":{"start":{"line":21,"column":4},"end":{"line":21,"column":71}},"6":{"start":{"line":23,"column":2},"end":{"line":26,"column":3}},"7":{"start":{"line":24,"column":4},"end":{"line":24,"column":39}},"8":{"start":{"line":25,"column":4},"end":{"line":25,"column":26}},"9":{"start":{"line":27,"column":2},"end":{"line":27,"column":28}},"10":{"start":{"line":28,"column":2},"end":{"line":28,"column":14}},"11":{"start":{"line":36,"column":0},"end":{"line":50,"column":1}},"12":{"start":{"line":37,"column":2},"end":{"line":49,"column":3}},"13":{"start":{"line":38,"column":4},"end":{"line":40,"column":5}},"14":{"start":{"line":39,"column":6},"end":{"line":39,"column":15}},"15":{"start":{"line":41,"column":4},"end":{"line":41,"column":30}},"16":{"start":{"line":42,"column":4},"end":{"line":45,"column":5}},"17":{"start":{"line":43,"column":6},"end":{"line":43,"column":27}},"18":{"start":{"line":44,"column":6},"end":{"line":44,"column":74}},"19":{"start":{"line":46,"column":4},"end":{"line":48,"column":5}},"20":{"start":{"line":47,"column":6},"end":{"line":47,"column":29}},"21":{"start":{"line":59,"column":0},"end":{"line":80,"column":1}},"22":{"start":{"line":60,"column":2},"end":{"line":60,"column":34}},"23":{"start":{"line":61,"column":2},"end":{"line":61,"column":25}},"24":{"start":{"line":62,"column":2},"end":{"line":62,"column":16}},"25":{"start":{"line":63,"column":2},"end":{"line":77,"column":3}},"26":{"start":{"line":64,"column":4},"end":{"line":66,"column":5}},"27":{"start":{"line":65,"column":6},"end":{"line":65,"column":15}},"28":{"start":{"line":67,"column":4},"end":{"line":67,"column":26}},"29":{"start":{"line":68,"column":4},"end":{"line":76,"column":5}},"30":{"start":{"line":69,"column":6},"end":{"line":73,"column":7}},"31":{"start":{"line":70,"column":8},"end":{"line":70,"column":62}},"32":{"start":{"line":72,"column":8},"end":{"line":72,"column":33}},"33":{"start":{"line":75,"column":6},"end":{"line":75,"column":24}},"34":{"start":{"line":78,"column":2},"end":{"line":78,"column":20}},"35":{"start":{"line":79,"column":2},"end":{"line":79,"column":14}}},"branchMap":{"1":{"line":18,"type":"if","locations":[{"start":{"line":18,"column":2},"end":{"line":18,"column":2}},{"start":{"line":18,"column":2},"end":{"line":18,"column":2}}]},"2":{"line":23,"type":"if","locations":[{"start":{"line":23,"column":2},"end":{"line":23,"column":2}},{"start":{"line":23,"column":2},"end":{"line":23,"column":2}}]},"3":{"line":23,"type":"binary-expr","locations":[{"start":{"line":23,"column":6},"end":{"line":23,"column":30}},{"start":{"line":23,"column":34},"end":{"line":23,"column":47}}]},"4":{"line":38,"type":"if","locations":[{"start":{"line":38,"column":4},"end":{"line":38,"column":4}},{"start":{"line":38,"column":4},"end":{"line":38,"column":4}}]},"5":{"line":42,"type":"if","locations":[{"start":{"line":42,"column":4},"end":{"line":42,"column":4}},{"start":{"line":42,"column":4},"end":{"line":42,"column":4}}]},"6":{"line":42,"type":"binary-expr","locations":[{"start":{"line":42,"column":8},"end":{"line":42,"column":27}},{"start":{"line":42,"column":31},"end":{"line":42,"column":50}}]},"7":{"line":46,"type":"if","locations":[{"start":{"line":46,"column":4},"end":{"line":46,"column":4}},{"start":{"line":46,"column":4},"end":{"line":46,"column":4}}]},"8":{"line":60,"type":"binary-expr","locations":[{"start":{"line":60,"column":16},"end":{"line":60,"column":27}},{"start":{"line":60,"column":31},"end":{"line":60,"column":33}}]},"9":{"line":64,"type":"if","locations":[{"start":{"line":64,"column":4},"end":{"line":64,"column":4}},{"start":{"line":64,"column":4},"end":{"line":64,"column":4}}]},"10":{"line":68,"type":"if","locations":[{"start":{"line":68,"column":4},"end":{"line":68,"column":4}},{"start":{"line":68,"column":4},"end":{"line":68,"column":4}}]},"11":{"line":68,"type":"binary-expr","locations":[{"start":{"line":68,"column":8},"end":{"line":68,"column":33}},{"start":{"line":68,"column":37},"end":{"line":68,"column":65}}]},"12":{"line":69,"type":"if","locations":[{"start":{"line":69,"column":6},"end":{"line":69,"column":6}},{"start":{"line":69,"column":6},"end":{"line":69,"column":6}}]}},"code":["/**"," * @module helpers"," * @fileoverview Helpers for winston-mongodb"," * @license MIT"," * @author 0@39.yt (Yurij Mikhalevich)"," */","'use strict';","const common = require('winston/lib/winston/common');","const ObjectID = require('mongodb').ObjectID;","","","/**"," * Prepares metadata to store into database."," * @param {*} meta Metadata"," * @return {*}"," */","exports.prepareMetaData = meta=>{","  if (meta instanceof Error) {","    // This is needed because Error's message, name and stack isn't accessible","    // through cycling properties and `common.clone` doesn't copies them","    return {message: meta.message, name: meta.name, stack: meta.stack};","  }","  if (typeof meta === 'object' && meta !== null) {","    meta = makeObjectNonCircular(meta);","    cleanFieldNames(meta);","  }","  meta = common.clone(meta);","  return meta;","};","","","/**"," * Removes unexpected characters from metadata field names."," * @param {Object} object Object to clean"," */","function cleanFieldNames(object) {","  for (let field in object) {","    if (!Object.prototype.hasOwnProperty.call(object, field)) {","      continue;","    }","    let value = object[field];","    if (field.includes('.') || field.includes('$')) {","      delete object[field];","      object[field.replace(/\\./g, '[dot]').replace(/\\$/g, '[$]')] = value;","    }","    if (typeof value === 'object') {","      cleanFieldNames(value);","    }","  }","}","","","/**"," * Cleans object from circular references, replaces them with string"," * '[Circular]'"," * @param {Object} node Current object or its leaf"," * @param {Array=} opt_parents Object's parents"," */","function makeObjectNonCircular(node, opt_parents) {","  opt_parents = opt_parents || [];","  opt_parents.push(node);","  let copy = {};","  for (let key in node) {","    if (!Object.prototype.hasOwnProperty.call(node, key)) {","      continue;","    }","    let value = node[key];","    if (typeof value === 'object' && !(value instanceof ObjectID)) {","      if (opt_parents.indexOf(value) === -1) {","        copy[key] = makeObjectNonCircular(value, opt_parents);","      } else {","        copy[key] = '[Circular]';","      }","    } else {","      copy[key] = value;","    }","  }","  opt_parents.pop();","  return copy;","}",""],"l":{"8":2,"9":0,"17":0,"18":0,"21":0,"23":0,"24":0,"25":0,"27":0,"28":0,"36":1,"37":0,"38":0,"39":0,"41":0,"42":0,"43":0,"44":0,"46":0,"47":0,"59":1,"60":0,"61":0,"62":0,"63":0,"64":0,"65":0,"67":0,"68":0,"69":0,"70":0,"72":0,"75":0,"78":0,"79":0}}}